0 info it worked if it ends with ok
1 verbose cli [ 'c:\\Program Files\\nodejs\\node.exe',
1 verbose cli   'c:\\Program Files\\nodejs\\node_modules\\npm\\bin\\npm-cli.js',
1 verbose cli   'publish' ]
2 info using npm@1.2.0
3 info using node@v0.8.17
4 verbose publish [ '.' ]
5 verbose read json C:\Users\Dan\Desktop\bootstrap-blog\package.json
6 verbose cache add [ '.', null ]
7 silly cache add name=undefined spec="." args=[".",null]
8 verbose parsed url { pathname: '.', path: '.', href: '.' }
9 silly lockFile 3a52ce78- .
10 verbose lock . C:\Users\Dan\AppData\Roaming\npm-cache\3a52ce78-.lock
11 verbose read json package.json
12 verbose tar pack [ 'C:\\Users\\Dan\\AppData\\Local\\Temp\\npm-4044\\1359085716787-0.34512300114147365\\tmp.tgz',
12 verbose tar pack   '.' ]
13 verbose tarball C:\Users\Dan\AppData\Local\Temp\npm-4044\1359085716787-0.34512300114147365\tmp.tgz
14 verbose folder .
15 info prepublish bootstrap-blog@0.0.7
16 silly lockFile a279d58f-6787-0-34512300114147365-tmp-tgz C:\Users\Dan\AppData\Local\Temp\npm-4044\1359085716787-0.34512300114147365\tmp.tgz
17 verbose lock C:\Users\Dan\AppData\Local\Temp\npm-4044\1359085716787-0.34512300114147365\tmp.tgz C:\Users\Dan\AppData\Roaming\npm-cache\a279d58f-6787-0-34512300114147365-tmp-tgz.lock
18 silly lockFile a279d58f-6787-0-34512300114147365-tmp-tgz C:\Users\Dan\AppData\Local\Temp\npm-4044\1359085716787-0.34512300114147365\tmp.tgz
19 verbose tar unpack C:\Users\Dan\AppData\Local\Temp\npm-4044\1359085716787-0.34512300114147365\tmp.tgz
20 silly lockFile a5cbb43a-6787-0-34512300114147365-package C:\Users\Dan\AppData\Local\Temp\npm-4044\1359085716787-0.34512300114147365\package
21 verbose lock C:\Users\Dan\AppData\Local\Temp\npm-4044\1359085716787-0.34512300114147365\package C:\Users\Dan\AppData\Roaming\npm-cache\a5cbb43a-6787-0-34512300114147365-package.lock
22 silly gunzTarPerm modes [ '755', '644' ]
23 silly gunzTarPerm extractEntry package.json
24 silly gunzTarPerm modified mode [ 'package.json', 438, 420 ]
25 silly gunzTarPerm extractEntry README.md
26 silly gunzTarPerm modified mode [ 'README.md', 438, 420 ]
27 silly gunzTarPerm extractEntry blog.js
28 silly gunzTarPerm modified mode [ 'blog.js', 438, 420 ]
29 silly gunzTarPerm extractEntry db.js
30 silly gunzTarPerm modified mode [ 'db.js', 438, 420 ]
31 silly gunzTarPerm extractEntry resources/ckeditor/README.md
32 silly gunzTarPerm modified mode [ 'resources/ckeditor/README.md', 438, 420 ]
33 silly gunzTarPerm extractEntry resources/ckeditor/build-config.js
34 silly gunzTarPerm modified mode [ 'resources/ckeditor/build-config.js', 438, 420 ]
35 silly gunzTarPerm extractEntry resources/ckeditor/ckeditor.js
36 silly gunzTarPerm modified mode [ 'resources/ckeditor/ckeditor.js', 438, 420 ]
37 silly gunzTarPerm extractEntry resources/ckeditor/config.js
38 silly gunzTarPerm modified mode [ 'resources/ckeditor/config.js', 438, 420 ]
39 silly gunzTarPerm extractEntry resources/ckeditor/styles.js
40 silly gunzTarPerm modified mode [ 'resources/ckeditor/styles.js', 438, 420 ]
41 silly gunzTarPerm extractEntry resources/ckeditor/lang/af.js
42 silly gunzTarPerm modified mode [ 'resources/ckeditor/lang/af.js', 438, 420 ]
43 silly gunzTarPerm extractEntry resources/ckeditor/lang/hi.js
44 silly gunzTarPerm modified mode [ 'resources/ckeditor/lang/hi.js', 438, 420 ]
45 silly gunzTarPerm extractEntry resources/ckeditor/lang/hr.js
46 silly gunzTarPerm modified mode [ 'resources/ckeditor/lang/hr.js', 438, 420 ]
47 silly gunzTarPerm extractEntry resources/ckeditor/lang/hu.js
48 silly gunzTarPerm modified mode [ 'resources/ckeditor/lang/hu.js', 438, 420 ]
49 silly gunzTarPerm extractEntry resources/ckeditor/lang/is.js
50 silly gunzTarPerm modified mode [ 'resources/ckeditor/lang/is.js', 438, 420 ]
51 silly gunzTarPerm extractEntry resources/ckeditor/lang/he.js
52 silly gunzTarPerm modified mode [ 'resources/ckeditor/lang/he.js', 438, 420 ]
53 silly gunzTarPerm extractEntry resources/ckeditor/lang/ja.js
54 silly gunzTarPerm modified mode [ 'resources/ckeditor/lang/ja.js', 438, 420 ]
55 silly gunzTarPerm extractEntry resources/ckeditor/lang/ka.js
56 silly gunzTarPerm modified mode [ 'resources/ckeditor/lang/ka.js', 438, 420 ]
57 silly gunzTarPerm extractEntry resources/ckeditor/lang/km.js
58 silly gunzTarPerm modified mode [ 'resources/ckeditor/lang/km.js', 438, 420 ]
59 silly gunzTarPerm extractEntry resources/ckeditor/lang/ko.js
60 silly gunzTarPerm modified mode [ 'resources/ckeditor/lang/ko.js', 438, 420 ]
61 silly gunzTarPerm extractEntry resources/ckeditor/lang/ku.js
62 silly gunzTarPerm modified mode [ 'resources/ckeditor/lang/ku.js', 438, 420 ]
63 silly gunzTarPerm extractEntry resources/ckeditor/lang/gu.js
64 silly gunzTarPerm modified mode [ 'resources/ckeditor/lang/gu.js', 438, 420 ]
65 silly gunzTarPerm extractEntry resources/ckeditor/lang/lt.js
66 silly gunzTarPerm modified mode [ 'resources/ckeditor/lang/lt.js', 438, 420 ]
67 silly gunzTarPerm extractEntry resources/ckeditor/lang/gl.js
68 silly gunzTarPerm modified mode [ 'resources/ckeditor/lang/gl.js', 438, 420 ]
69 silly gunzTarPerm extractEntry resources/ckeditor/lang/lv.js
70 silly gunzTarPerm modified mode [ 'resources/ckeditor/lang/lv.js', 438, 420 ]
71 silly gunzTarPerm extractEntry resources/ckeditor/lang/fr.js
72 silly gunzTarPerm modified mode [ 'resources/ckeditor/lang/fr.js', 438, 420 ]
73 silly gunzTarPerm extractEntry resources/ckeditor/lang/mk.js
74 silly gunzTarPerm modified mode [ 'resources/ckeditor/lang/mk.js', 438, 420 ]
75 silly gunzTarPerm extractEntry resources/ckeditor/lang/fr-ca.js
76 silly gunzTarPerm modified mode [ 'resources/ckeditor/lang/fr-ca.js', 438, 420 ]
77 silly gunzTarPerm extractEntry resources/ckeditor/lang/mn.js
78 silly gunzTarPerm modified mode [ 'resources/ckeditor/lang/mn.js', 438, 420 ]
79 silly gunzTarPerm extractEntry resources/ckeditor/lang/fo.js
80 silly gunzTarPerm modified mode [ 'resources/ckeditor/lang/fo.js', 438, 420 ]
81 silly gunzTarPerm extractEntry resources/ckeditor/lang/ms.js
82 silly gunzTarPerm modified mode [ 'resources/ckeditor/lang/ms.js', 438, 420 ]
83 silly gunzTarPerm extractEntry resources/ckeditor/lang/fi.js
84 silly gunzTarPerm modified mode [ 'resources/ckeditor/lang/fi.js', 438, 420 ]
85 silly gunzTarPerm extractEntry resources/ckeditor/lang/nb.js
86 silly gunzTarPerm modified mode [ 'resources/ckeditor/lang/nb.js', 438, 420 ]
87 silly gunzTarPerm extractEntry resources/ckeditor/lang/fa.js
88 silly gunzTarPerm modified mode [ 'resources/ckeditor/lang/fa.js', 438, 420 ]
89 silly gunzTarPerm extractEntry resources/ckeditor/lang/nl.js
90 silly gunzTarPerm modified mode [ 'resources/ckeditor/lang/nl.js', 438, 420 ]
91 silly gunzTarPerm extractEntry resources/ckeditor/lang/eu.js
92 silly gunzTarPerm modified mode [ 'resources/ckeditor/lang/eu.js', 438, 420 ]
93 silly gunzTarPerm extractEntry resources/ckeditor/lang/no.js
94 silly gunzTarPerm modified mode [ 'resources/ckeditor/lang/no.js', 438, 420 ]
95 silly gunzTarPerm extractEntry resources/ckeditor/lang/et.js
96 silly gunzTarPerm modified mode [ 'resources/ckeditor/lang/et.js', 438, 420 ]
97 silly gunzTarPerm extractEntry resources/ckeditor/lang/pl.js
98 silly gunzTarPerm modified mode [ 'resources/ckeditor/lang/pl.js', 438, 420 ]
99 silly gunzTarPerm extractEntry resources/ckeditor/lang/es.js
100 silly gunzTarPerm modified mode [ 'resources/ckeditor/lang/es.js', 438, 420 ]
101 silly gunzTarPerm extractEntry resources/ckeditor/lang/pt-br.js
102 silly gunzTarPerm modified mode [ 'resources/ckeditor/lang/pt-br.js', 438, 420 ]
103 silly gunzTarPerm extractEntry resources/ckeditor/lang/eo.js
104 silly gunzTarPerm modified mode [ 'resources/ckeditor/lang/eo.js', 438, 420 ]
105 silly gunzTarPerm extractEntry resources/ckeditor/lang/pt.js
106 silly gunzTarPerm modified mode [ 'resources/ckeditor/lang/pt.js', 438, 420 ]
107 silly gunzTarPerm extractEntry resources/ckeditor/lang/en.js
108 silly gunzTarPerm modified mode [ 'resources/ckeditor/lang/en.js', 438, 420 ]
109 silly gunzTarPerm extractEntry resources/ckeditor/lang/ro.js
110 silly gunzTarPerm modified mode [ 'resources/ckeditor/lang/ro.js', 438, 420 ]
111 silly gunzTarPerm extractEntry resources/ckeditor/lang/en-gb.js
112 silly gunzTarPerm modified mode [ 'resources/ckeditor/lang/en-gb.js', 438, 420 ]
113 silly gunzTarPerm extractEntry resources/ckeditor/lang/ru.js
114 silly gunzTarPerm modified mode [ 'resources/ckeditor/lang/ru.js', 438, 420 ]
115 silly gunzTarPerm extractEntry resources/ckeditor/lang/en-ca.js
116 silly gunzTarPerm modified mode [ 'resources/ckeditor/lang/en-ca.js', 438, 420 ]
117 silly gunzTarPerm extractEntry resources/ckeditor/lang/sk.js
118 silly gunzTarPerm modified mode [ 'resources/ckeditor/lang/sk.js', 438, 420 ]
119 silly gunzTarPerm extractEntry resources/ckeditor/lang/en-au.js
120 silly gunzTarPerm modified mode [ 'resources/ckeditor/lang/en-au.js', 438, 420 ]
121 silly gunzTarPerm extractEntry resources/ckeditor/lang/sl.js
122 silly gunzTarPerm modified mode [ 'resources/ckeditor/lang/sl.js', 438, 420 ]
123 silly gunzTarPerm extractEntry resources/ckeditor/lang/el.js
124 silly gunzTarPerm modified mode [ 'resources/ckeditor/lang/el.js', 438, 420 ]
125 silly gunzTarPerm extractEntry resources/ckeditor/lang/sr-latn.js
126 silly gunzTarPerm modified mode [ 'resources/ckeditor/lang/sr-latn.js', 438, 420 ]
127 silly gunzTarPerm extractEntry resources/ckeditor/lang/de.js
128 silly gunzTarPerm modified mode [ 'resources/ckeditor/lang/de.js', 438, 420 ]
129 silly gunzTarPerm extractEntry resources/ckeditor/lang/sr.js
130 silly gunzTarPerm modified mode [ 'resources/ckeditor/lang/sr.js', 438, 420 ]
131 silly gunzTarPerm extractEntry resources/ckeditor/lang/da.js
132 silly gunzTarPerm modified mode [ 'resources/ckeditor/lang/da.js', 438, 420 ]
133 silly gunzTarPerm extractEntry resources/ckeditor/lang/sv.js
134 silly gunzTarPerm modified mode [ 'resources/ckeditor/lang/sv.js', 438, 420 ]
135 silly gunzTarPerm extractEntry resources/ckeditor/lang/cy.js
136 silly gunzTarPerm modified mode [ 'resources/ckeditor/lang/cy.js', 438, 420 ]
137 silly gunzTarPerm extractEntry resources/ckeditor/lang/th.js
138 silly gunzTarPerm modified mode [ 'resources/ckeditor/lang/th.js', 438, 420 ]
139 silly gunzTarPerm extractEntry resources/ckeditor/lang/cs.js
140 silly gunzTarPerm modified mode [ 'resources/ckeditor/lang/cs.js', 438, 420 ]
141 silly gunzTarPerm extractEntry resources/ckeditor/lang/tr.js
142 silly gunzTarPerm modified mode [ 'resources/ckeditor/lang/tr.js', 438, 420 ]
143 silly gunzTarPerm extractEntry resources/ckeditor/lang/ca.js
144 silly gunzTarPerm modified mode [ 'resources/ckeditor/lang/ca.js', 438, 420 ]
145 silly gunzTarPerm extractEntry resources/ckeditor/lang/ug.js
146 silly gunzTarPerm modified mode [ 'resources/ckeditor/lang/ug.js', 438, 420 ]
147 silly gunzTarPerm extractEntry resources/ckeditor/lang/bs.js
148 silly gunzTarPerm modified mode [ 'resources/ckeditor/lang/bs.js', 438, 420 ]
149 silly gunzTarPerm extractEntry resources/ckeditor/lang/uk.js
150 silly gunzTarPerm modified mode [ 'resources/ckeditor/lang/uk.js', 438, 420 ]
151 silly gunzTarPerm extractEntry resources/ckeditor/lang/bn.js
152 silly gunzTarPerm modified mode [ 'resources/ckeditor/lang/bn.js', 438, 420 ]
153 silly gunzTarPerm extractEntry resources/ckeditor/lang/vi.js
154 silly gunzTarPerm modified mode [ 'resources/ckeditor/lang/vi.js', 438, 420 ]
155 silly gunzTarPerm extractEntry resources/ckeditor/lang/bg.js
156 silly gunzTarPerm modified mode [ 'resources/ckeditor/lang/bg.js', 438, 420 ]
157 silly gunzTarPerm extractEntry resources/ckeditor/lang/zh-cn.js
158 silly gunzTarPerm modified mode [ 'resources/ckeditor/lang/zh-cn.js', 438, 420 ]
159 silly gunzTarPerm extractEntry resources/ckeditor/lang/ar.js
160 silly gunzTarPerm modified mode [ 'resources/ckeditor/lang/ar.js', 438, 420 ]
161 silly gunzTarPerm extractEntry resources/ckeditor/lang/zh.js
162 silly gunzTarPerm modified mode [ 'resources/ckeditor/lang/zh.js', 438, 420 ]
163 silly gunzTarPerm extractEntry resources/ckeditor/lang/it.js
164 silly gunzTarPerm modified mode [ 'resources/ckeditor/lang/it.js', 438, 420 ]
165 silly gunzTarPerm extractEntry resources/ckeditor/CHANGES.md
166 silly gunzTarPerm modified mode [ 'resources/ckeditor/CHANGES.md', 438, 420 ]
167 silly gunzTarPerm extractEntry resources/ckeditor/plugins/link/dialogs/anchor.js
168 silly gunzTarPerm modified mode [ 'resources/ckeditor/plugins/link/dialogs/anchor.js', 438, 420 ]
169 silly gunzTarPerm extractEntry resources/ckeditor/plugins/link/dialogs/link.js
170 silly gunzTarPerm modified mode [ 'resources/ckeditor/plugins/link/dialogs/link.js', 438, 420 ]
171 silly gunzTarPerm extractEntry resources/ckeditor/plugins/link/images/anchor.png
172 silly gunzTarPerm modified mode [ 'resources/ckeditor/plugins/link/images/anchor.png', 438, 420 ]
173 silly gunzTarPerm extractEntry resources/ckeditor/plugins/a11yhelp/dialogs/a11yhelp.js
174 silly gunzTarPerm modified mode [ 'resources/ckeditor/plugins/a11yhelp/dialogs/a11yhelp.js',
174 silly gunzTarPerm   438,
174 silly gunzTarPerm   420 ]
175 silly gunzTarPerm extractEntry resources/ckeditor/plugins/a11yhelp/dialogs/lang/ar.js
176 silly gunzTarPerm modified mode [ 'resources/ckeditor/plugins/a11yhelp/dialogs/lang/ar.js',
176 silly gunzTarPerm   438,
176 silly gunzTarPerm   420 ]
177 silly gunzTarPerm extractEntry resources/ckeditor/plugins/a11yhelp/dialogs/lang/hr.js
178 silly gunzTarPerm modified mode [ 'resources/ckeditor/plugins/a11yhelp/dialogs/lang/hr.js',
178 silly gunzTarPerm   438,
178 silly gunzTarPerm   420 ]
179 silly gunzTarPerm extractEntry resources/ckeditor/plugins/a11yhelp/dialogs/lang/hu.js
180 silly gunzTarPerm modified mode [ 'resources/ckeditor/plugins/a11yhelp/dialogs/lang/hu.js',
180 silly gunzTarPerm   438,
180 silly gunzTarPerm   420 ]
181 silly gunzTarPerm extractEntry resources/ckeditor/plugins/a11yhelp/dialogs/lang/it.js
182 silly gunzTarPerm modified mode [ 'resources/ckeditor/plugins/a11yhelp/dialogs/lang/it.js',
182 silly gunzTarPerm   438,
182 silly gunzTarPerm   420 ]
183 silly gunzTarPerm extractEntry resources/ckeditor/plugins/a11yhelp/dialogs/lang/hi.js
184 silly gunzTarPerm modified mode [ 'resources/ckeditor/plugins/a11yhelp/dialogs/lang/hi.js',
184 silly gunzTarPerm   438,
184 silly gunzTarPerm   420 ]
185 silly gunzTarPerm extractEntry resources/ckeditor/plugins/a11yhelp/dialogs/lang/lt.js
186 silly gunzTarPerm modified mode [ 'resources/ckeditor/plugins/a11yhelp/dialogs/lang/lt.js',
186 silly gunzTarPerm   438,
186 silly gunzTarPerm   420 ]
187 silly gunzTarPerm extractEntry resources/ckeditor/plugins/a11yhelp/dialogs/lang/lv.js
188 silly gunzTarPerm modified mode [ 'resources/ckeditor/plugins/a11yhelp/dialogs/lang/lv.js',
188 silly gunzTarPerm   438,
188 silly gunzTarPerm   420 ]
189 silly gunzTarPerm extractEntry resources/ckeditor/plugins/a11yhelp/dialogs/lang/mk.js
190 silly gunzTarPerm modified mode [ 'resources/ckeditor/plugins/a11yhelp/dialogs/lang/mk.js',
190 silly gunzTarPerm   438,
190 silly gunzTarPerm   420 ]
191 silly gunzTarPerm extractEntry resources/ckeditor/plugins/a11yhelp/dialogs/lang/mn.js
192 silly gunzTarPerm modified mode [ 'resources/ckeditor/plugins/a11yhelp/dialogs/lang/mn.js',
192 silly gunzTarPerm   438,
192 silly gunzTarPerm   420 ]
193 silly gunzTarPerm extractEntry resources/ckeditor/plugins/a11yhelp/dialogs/lang/nb.js
194 silly gunzTarPerm modified mode [ 'resources/ckeditor/plugins/a11yhelp/dialogs/lang/nb.js',
194 silly gunzTarPerm   438,
194 silly gunzTarPerm   420 ]
195 silly gunzTarPerm extractEntry resources/ckeditor/plugins/a11yhelp/dialogs/lang/he.js
196 silly gunzTarPerm modified mode [ 'resources/ckeditor/plugins/a11yhelp/dialogs/lang/he.js',
196 silly gunzTarPerm   438,
196 silly gunzTarPerm   420 ]
197 silly gunzTarPerm extractEntry resources/ckeditor/plugins/a11yhelp/dialogs/lang/nl.js
198 silly gunzTarPerm modified mode [ 'resources/ckeditor/plugins/a11yhelp/dialogs/lang/nl.js',
198 silly gunzTarPerm   438,
198 silly gunzTarPerm   420 ]
199 silly gunzTarPerm extractEntry resources/ckeditor/plugins/a11yhelp/dialogs/lang/gu.js
200 silly gunzTarPerm modified mode [ 'resources/ckeditor/plugins/a11yhelp/dialogs/lang/gu.js',
200 silly gunzTarPerm   438,
200 silly gunzTarPerm   420 ]
201 silly gunzTarPerm extractEntry resources/ckeditor/plugins/a11yhelp/dialogs/lang/no.js
202 silly gunzTarPerm modified mode [ 'resources/ckeditor/plugins/a11yhelp/dialogs/lang/no.js',
202 silly gunzTarPerm   438,
202 silly gunzTarPerm   420 ]
203 silly gunzTarPerm extractEntry resources/ckeditor/plugins/a11yhelp/dialogs/lang/fr.js
204 silly gunzTarPerm modified mode [ 'resources/ckeditor/plugins/a11yhelp/dialogs/lang/fr.js',
204 silly gunzTarPerm   438,
204 silly gunzTarPerm   420 ]
205 silly gunzTarPerm extractEntry resources/ckeditor/plugins/a11yhelp/dialogs/lang/pl.js
206 silly gunzTarPerm modified mode [ 'resources/ckeditor/plugins/a11yhelp/dialogs/lang/pl.js',
206 silly gunzTarPerm   438,
206 silly gunzTarPerm   420 ]
207 silly gunzTarPerm extractEntry resources/ckeditor/plugins/a11yhelp/dialogs/lang/fi.js
208 silly gunzTarPerm modified mode [ 'resources/ckeditor/plugins/a11yhelp/dialogs/lang/fi.js',
208 silly gunzTarPerm   438,
208 silly gunzTarPerm   420 ]
209 silly gunzTarPerm extractEntry resources/ckeditor/plugins/a11yhelp/dialogs/lang/pt-br.js
210 silly gunzTarPerm modified mode [ 'resources/ckeditor/plugins/a11yhelp/dialogs/lang/pt-br.js',
210 silly gunzTarPerm   438,
210 silly gunzTarPerm   420 ]
211 silly gunzTarPerm extractEntry resources/ckeditor/plugins/a11yhelp/dialogs/lang/fa.js
212 silly gunzTarPerm modified mode [ 'resources/ckeditor/plugins/a11yhelp/dialogs/lang/fa.js',
212 silly gunzTarPerm   438,
212 silly gunzTarPerm   420 ]
213 silly gunzTarPerm extractEntry resources/ckeditor/plugins/a11yhelp/dialogs/lang/pt.js
214 silly gunzTarPerm modified mode [ 'resources/ckeditor/plugins/a11yhelp/dialogs/lang/pt.js',
214 silly gunzTarPerm   438,
214 silly gunzTarPerm   420 ]
215 silly gunzTarPerm extractEntry resources/ckeditor/plugins/a11yhelp/dialogs/lang/et.js
216 silly gunzTarPerm modified mode [ 'resources/ckeditor/plugins/a11yhelp/dialogs/lang/et.js',
216 silly gunzTarPerm   438,
216 silly gunzTarPerm   420 ]
217 silly gunzTarPerm extractEntry resources/ckeditor/plugins/a11yhelp/dialogs/lang/ro.js
218 silly gunzTarPerm modified mode [ 'resources/ckeditor/plugins/a11yhelp/dialogs/lang/ro.js',
218 silly gunzTarPerm   438,
218 silly gunzTarPerm   420 ]
219 silly gunzTarPerm extractEntry resources/ckeditor/plugins/a11yhelp/dialogs/lang/eo.js
220 silly gunzTarPerm modified mode [ 'resources/ckeditor/plugins/a11yhelp/dialogs/lang/eo.js',
220 silly gunzTarPerm   438,
220 silly gunzTarPerm   420 ]
221 silly gunzTarPerm extractEntry resources/ckeditor/plugins/a11yhelp/dialogs/lang/ru.js
222 silly gunzTarPerm modified mode [ 'resources/ckeditor/plugins/a11yhelp/dialogs/lang/ru.js',
222 silly gunzTarPerm   438,
222 silly gunzTarPerm   420 ]
223 silly gunzTarPerm extractEntry resources/ckeditor/plugins/a11yhelp/dialogs/lang/en.js
224 silly gunzTarPerm modified mode [ 'resources/ckeditor/plugins/a11yhelp/dialogs/lang/en.js',
224 silly gunzTarPerm   438,
224 silly gunzTarPerm   420 ]
225 silly gunzTarPerm extractEntry resources/ckeditor/plugins/a11yhelp/dialogs/lang/sk.js
226 silly gunzTarPerm modified mode [ 'resources/ckeditor/plugins/a11yhelp/dialogs/lang/sk.js',
226 silly gunzTarPerm   438,
226 silly gunzTarPerm   420 ]
227 silly gunzTarPerm extractEntry resources/ckeditor/plugins/a11yhelp/dialogs/lang/el.js
228 silly gunzTarPerm modified mode [ 'resources/ckeditor/plugins/a11yhelp/dialogs/lang/el.js',
228 silly gunzTarPerm   438,
228 silly gunzTarPerm   420 ]
229 silly gunzTarPerm extractEntry resources/ckeditor/plugins/a11yhelp/dialogs/lang/sl.js
230 silly gunzTarPerm modified mode [ 'resources/ckeditor/plugins/a11yhelp/dialogs/lang/sl.js',
230 silly gunzTarPerm   438,
230 silly gunzTarPerm   420 ]
231 silly gunzTarPerm extractEntry resources/ckeditor/plugins/a11yhelp/dialogs/lang/de.js
232 silly gunzTarPerm modified mode [ 'resources/ckeditor/plugins/a11yhelp/dialogs/lang/de.js',
232 silly gunzTarPerm   438,
232 silly gunzTarPerm   420 ]
233 silly gunzTarPerm extractEntry resources/ckeditor/plugins/a11yhelp/dialogs/lang/tr.js
234 silly gunzTarPerm modified mode [ 'resources/ckeditor/plugins/a11yhelp/dialogs/lang/tr.js',
234 silly gunzTarPerm   438,
234 silly gunzTarPerm   420 ]
235 silly gunzTarPerm extractEntry resources/ckeditor/plugins/a11yhelp/dialogs/lang/da.js
236 silly gunzTarPerm modified mode [ 'resources/ckeditor/plugins/a11yhelp/dialogs/lang/da.js',
236 silly gunzTarPerm   438,
236 silly gunzTarPerm   420 ]
237 silly gunzTarPerm extractEntry resources/ckeditor/plugins/a11yhelp/dialogs/lang/ug.js
238 silly gunzTarPerm modified mode [ 'resources/ckeditor/plugins/a11yhelp/dialogs/lang/ug.js',
238 silly gunzTarPerm   438,
238 silly gunzTarPerm   420 ]
239 silly gunzTarPerm extractEntry resources/ckeditor/plugins/a11yhelp/dialogs/lang/cy.js
240 silly gunzTarPerm modified mode [ 'resources/ckeditor/plugins/a11yhelp/dialogs/lang/cy.js',
240 silly gunzTarPerm   438,
240 silly gunzTarPerm   420 ]
241 silly gunzTarPerm extractEntry resources/ckeditor/plugins/a11yhelp/dialogs/lang/uk.js
242 silly gunzTarPerm modified mode [ 'resources/ckeditor/plugins/a11yhelp/dialogs/lang/uk.js',
242 silly gunzTarPerm   438,
242 silly gunzTarPerm   420 ]
243 silly gunzTarPerm extractEntry resources/ckeditor/plugins/a11yhelp/dialogs/lang/cs.js
244 silly gunzTarPerm modified mode [ 'resources/ckeditor/plugins/a11yhelp/dialogs/lang/cs.js',
244 silly gunzTarPerm   438,
244 silly gunzTarPerm   420 ]
245 silly gunzTarPerm extractEntry resources/ckeditor/plugins/a11yhelp/dialogs/lang/vi.js
246 silly gunzTarPerm modified mode [ 'resources/ckeditor/plugins/a11yhelp/dialogs/lang/vi.js',
246 silly gunzTarPerm   438,
246 silly gunzTarPerm   420 ]
247 silly gunzTarPerm extractEntry resources/ckeditor/plugins/a11yhelp/dialogs/lang/ca.js
248 silly gunzTarPerm modified mode [ 'resources/ckeditor/plugins/a11yhelp/dialogs/lang/ca.js',
248 silly gunzTarPerm   438,
248 silly gunzTarPerm   420 ]
249 silly gunzTarPerm extractEntry resources/ckeditor/plugins/a11yhelp/dialogs/lang/zh-cn.js
250 silly gunzTarPerm modified mode [ 'resources/ckeditor/plugins/a11yhelp/dialogs/lang/zh-cn.js',
250 silly gunzTarPerm   438,
250 silly gunzTarPerm   420 ]
251 silly gunzTarPerm extractEntry resources/ckeditor/plugins/a11yhelp/dialogs/lang/bg.js
252 silly gunzTarPerm modified mode [ 'resources/ckeditor/plugins/a11yhelp/dialogs/lang/bg.js',
252 silly gunzTarPerm   438,
252 silly gunzTarPerm   420 ]
253 silly gunzTarPerm extractEntry resources/ckeditor/plugins/a11yhelp/dialogs/lang/ku.js
254 silly gunzTarPerm modified mode [ 'resources/ckeditor/plugins/a11yhelp/dialogs/lang/ku.js',
254 silly gunzTarPerm   438,
254 silly gunzTarPerm   420 ]
255 silly gunzTarPerm extractEntry resources/ckeditor/plugins/a11yhelp/dialogs/lang/_translationstatus.txt
256 silly gunzTarPerm modified mode [ 'resources/ckeditor/plugins/a11yhelp/dialogs/lang/_translationstatus.txt',
256 silly gunzTarPerm   438,
256 silly gunzTarPerm   420 ]
257 silly gunzTarPerm extractEntry resources/ckeditor/plugins/clipboard/dialogs/paste.js
258 silly gunzTarPerm modified mode [ 'resources/ckeditor/plugins/clipboard/dialogs/paste.js',
258 silly gunzTarPerm   438,
258 silly gunzTarPerm   420 ]
259 silly gunzTarPerm extractEntry resources/ckeditor/plugins/dialog/dialogDefinition.js
260 silly gunzTarPerm modified mode [ 'resources/ckeditor/plugins/dialog/dialogDefinition.js',
260 silly gunzTarPerm   438,
260 silly gunzTarPerm   420 ]
261 silly gunzTarPerm extractEntry resources/ckeditor/plugins/fakeobjects/images/spacer.gif
262 silly gunzTarPerm modified mode [ 'resources/ckeditor/plugins/fakeobjects/images/spacer.gif',
262 silly gunzTarPerm   438,
262 silly gunzTarPerm   420 ]
263 silly gunzTarPerm extractEntry resources/ckeditor/plugins/icons.png
264 silly gunzTarPerm modified mode [ 'resources/ckeditor/plugins/icons.png', 438, 420 ]
265 silly gunzTarPerm extractEntry resources/ckeditor/plugins/image/dialogs/image.js
266 silly gunzTarPerm modified mode [ 'resources/ckeditor/plugins/image/dialogs/image.js', 438, 420 ]
267 silly gunzTarPerm extractEntry resources/ckeditor/plugins/image/images/noimage.png
268 silly gunzTarPerm modified mode [ 'resources/ckeditor/plugins/image/images/noimage.png',
268 silly gunzTarPerm   438,
268 silly gunzTarPerm   420 ]
269 silly gunzTarPerm extractEntry resources/ckeditor/plugins/about/dialogs/about.js
270 silly gunzTarPerm modified mode [ 'resources/ckeditor/plugins/about/dialogs/about.js', 438, 420 ]
271 silly gunzTarPerm extractEntry resources/ckeditor/plugins/about/dialogs/logo_ckeditor.png
272 silly gunzTarPerm modified mode [ 'resources/ckeditor/plugins/about/dialogs/logo_ckeditor.png',
272 silly gunzTarPerm   438,
272 silly gunzTarPerm   420 ]
273 silly gunzTarPerm extractEntry resources/ckeditor/plugins/magicline/images/icon.png
274 silly gunzTarPerm modified mode [ 'resources/ckeditor/plugins/magicline/images/icon.png',
274 silly gunzTarPerm   438,
274 silly gunzTarPerm   420 ]
275 silly gunzTarPerm extractEntry resources/ckeditor/plugins/pastefromword/filter/default.js
276 silly gunzTarPerm modified mode [ 'resources/ckeditor/plugins/pastefromword/filter/default.js',
276 silly gunzTarPerm   438,
276 silly gunzTarPerm   420 ]
277 silly gunzTarPerm extractEntry resources/ckeditor/plugins/specialchar/dialogs/specialchar.js
278 silly gunzTarPerm modified mode [ 'resources/ckeditor/plugins/specialchar/dialogs/specialchar.js',
278 silly gunzTarPerm   438,
278 silly gunzTarPerm   420 ]
279 silly gunzTarPerm extractEntry resources/ckeditor/plugins/specialchar/dialogs/lang/ca.js
280 silly gunzTarPerm modified mode [ 'resources/ckeditor/plugins/specialchar/dialogs/lang/ca.js',
280 silly gunzTarPerm   438,
280 silly gunzTarPerm   420 ]
281 silly gunzTarPerm extractEntry resources/ckeditor/plugins/specialchar/dialogs/lang/fi.js
282 silly gunzTarPerm modified mode [ 'resources/ckeditor/plugins/specialchar/dialogs/lang/fi.js',
282 silly gunzTarPerm   438,
282 silly gunzTarPerm   420 ]
283 silly gunzTarPerm extractEntry resources/ckeditor/plugins/specialchar/dialogs/lang/fr.js
284 silly gunzTarPerm modified mode [ 'resources/ckeditor/plugins/specialchar/dialogs/lang/fr.js',
284 silly gunzTarPerm   438,
284 silly gunzTarPerm   420 ]
285 silly gunzTarPerm extractEntry resources/ckeditor/plugins/specialchar/dialogs/lang/he.js
286 silly gunzTarPerm modified mode [ 'resources/ckeditor/plugins/specialchar/dialogs/lang/he.js',
286 silly gunzTarPerm   438,
286 silly gunzTarPerm   420 ]
287 silly gunzTarPerm extractEntry resources/ckeditor/plugins/specialchar/dialogs/lang/fa.js
288 silly gunzTarPerm modified mode [ 'resources/ckeditor/plugins/specialchar/dialogs/lang/fa.js',
288 silly gunzTarPerm   438,
288 silly gunzTarPerm   420 ]
289 silly gunzTarPerm extractEntry resources/ckeditor/plugins/specialchar/dialogs/lang/it.js
290 silly gunzTarPerm modified mode [ 'resources/ckeditor/plugins/specialchar/dialogs/lang/it.js',
290 silly gunzTarPerm   438,
290 silly gunzTarPerm   420 ]
291 silly gunzTarPerm extractEntry resources/ckeditor/plugins/specialchar/dialogs/lang/ku.js
292 silly gunzTarPerm modified mode [ 'resources/ckeditor/plugins/specialchar/dialogs/lang/ku.js',
292 silly gunzTarPerm   438,
292 silly gunzTarPerm   420 ]
293 silly gunzTarPerm extractEntry resources/ckeditor/plugins/specialchar/dialogs/lang/lv.js
294 silly gunzTarPerm modified mode [ 'resources/ckeditor/plugins/specialchar/dialogs/lang/lv.js',
294 silly gunzTarPerm   438,
294 silly gunzTarPerm   420 ]
295 silly gunzTarPerm extractEntry resources/ckeditor/plugins/specialchar/dialogs/lang/nb.js
296 silly gunzTarPerm modified mode [ 'resources/ckeditor/plugins/specialchar/dialogs/lang/nb.js',
296 silly gunzTarPerm   438,
296 silly gunzTarPerm   420 ]
297 silly gunzTarPerm extractEntry resources/ckeditor/plugins/specialchar/dialogs/lang/nl.js
298 silly gunzTarPerm modified mode [ 'resources/ckeditor/plugins/specialchar/dialogs/lang/nl.js',
298 silly gunzTarPerm   438,
298 silly gunzTarPerm   420 ]
299 silly gunzTarPerm extractEntry resources/ckeditor/plugins/specialchar/dialogs/lang/et.js
300 silly gunzTarPerm modified mode [ 'resources/ckeditor/plugins/specialchar/dialogs/lang/et.js',
300 silly gunzTarPerm   438,
300 silly gunzTarPerm   420 ]
301 silly gunzTarPerm extractEntry resources/ckeditor/plugins/specialchar/dialogs/lang/no.js
302 silly gunzTarPerm modified mode [ 'resources/ckeditor/plugins/specialchar/dialogs/lang/no.js',
302 silly gunzTarPerm   438,
302 silly gunzTarPerm   420 ]
303 silly gunzTarPerm extractEntry resources/ckeditor/plugins/specialchar/dialogs/lang/eo.js
304 silly gunzTarPerm modified mode [ 'resources/ckeditor/plugins/specialchar/dialogs/lang/eo.js',
304 silly gunzTarPerm   438,
304 silly gunzTarPerm   420 ]
305 silly gunzTarPerm extractEntry resources/ckeditor/plugins/specialchar/dialogs/lang/pt-br.js
306 silly gunzTarPerm modified mode [ 'resources/ckeditor/plugins/specialchar/dialogs/lang/pt-br.js',
306 silly gunzTarPerm   438,
306 silly gunzTarPerm   420 ]
307 silly gunzTarPerm extractEntry resources/ckeditor/plugins/specialchar/dialogs/lang/en.js
308 silly gunzTarPerm modified mode [ 'resources/ckeditor/plugins/specialchar/dialogs/lang/en.js',
308 silly gunzTarPerm   438,
308 silly gunzTarPerm   420 ]
309 silly gunzTarPerm extractEntry resources/ckeditor/plugins/specialchar/dialogs/lang/sk.js
310 silly gunzTarPerm modified mode [ 'resources/ckeditor/plugins/specialchar/dialogs/lang/sk.js',
310 silly gunzTarPerm   438,
310 silly gunzTarPerm   420 ]
311 silly gunzTarPerm extractEntry resources/ckeditor/plugins/specialchar/dialogs/lang/el.js
312 silly gunzTarPerm modified mode [ 'resources/ckeditor/plugins/specialchar/dialogs/lang/el.js',
312 silly gunzTarPerm   438,
312 silly gunzTarPerm   420 ]
313 silly gunzTarPerm extractEntry resources/ckeditor/plugins/specialchar/dialogs/lang/tr.js
314 silly gunzTarPerm modified mode [ 'resources/ckeditor/plugins/specialchar/dialogs/lang/tr.js',
314 silly gunzTarPerm   438,
314 silly gunzTarPerm   420 ]
315 silly gunzTarPerm extractEntry resources/ckeditor/plugins/specialchar/dialogs/lang/de.js
316 silly gunzTarPerm modified mode [ 'resources/ckeditor/plugins/specialchar/dialogs/lang/de.js',
316 silly gunzTarPerm   438,
316 silly gunzTarPerm   420 ]
317 silly gunzTarPerm extractEntry resources/ckeditor/plugins/specialchar/dialogs/lang/ug.js
318 silly gunzTarPerm modified mode [ 'resources/ckeditor/plugins/specialchar/dialogs/lang/ug.js',
318 silly gunzTarPerm   438,
318 silly gunzTarPerm   420 ]
319 silly gunzTarPerm extractEntry resources/ckeditor/plugins/specialchar/dialogs/lang/cy.js
320 silly gunzTarPerm modified mode [ 'resources/ckeditor/plugins/specialchar/dialogs/lang/cy.js',
320 silly gunzTarPerm   438,
320 silly gunzTarPerm   420 ]
321 silly gunzTarPerm extractEntry resources/ckeditor/plugins/specialchar/dialogs/lang/zh-cn.js
322 silly gunzTarPerm modified mode [ 'resources/ckeditor/plugins/specialchar/dialogs/lang/zh-cn.js',
322 silly gunzTarPerm   438,
322 silly gunzTarPerm   420 ]
323 silly gunzTarPerm extractEntry resources/ckeditor/plugins/specialchar/dialogs/lang/cs.js
324 silly gunzTarPerm modified mode [ 'resources/ckeditor/plugins/specialchar/dialogs/lang/cs.js',
324 silly gunzTarPerm   438,
324 silly gunzTarPerm   420 ]
325 silly gunzTarPerm extractEntry resources/ckeditor/plugins/specialchar/dialogs/lang/hr.js
326 silly gunzTarPerm modified mode [ 'resources/ckeditor/plugins/specialchar/dialogs/lang/hr.js',
326 silly gunzTarPerm   438,
326 silly gunzTarPerm   420 ]
327 silly gunzTarPerm extractEntry resources/ckeditor/plugins/specialchar/dialogs/lang/_translationstatus.txt
328 silly gunzTarPerm modified mode [ 'resources/ckeditor/plugins/specialchar/dialogs/lang/_translationstatus.txt',
328 silly gunzTarPerm   438,
328 silly gunzTarPerm   420 ]
329 silly gunzTarPerm extractEntry resources/ckeditor/plugins/table/dialogs/table.js
330 silly gunzTarPerm modified mode [ 'resources/ckeditor/plugins/table/dialogs/table.js', 438, 420 ]
331 silly gunzTarPerm extractEntry resources/ckeditor/plugins/tabletools/dialogs/tableCell.js
332 silly gunzTarPerm modified mode [ 'resources/ckeditor/plugins/tabletools/dialogs/tableCell.js',
332 silly gunzTarPerm   438,
332 silly gunzTarPerm   420 ]
333 silly gunzTarPerm extractEntry resources/ckeditor/plugins/Thumbs.db
334 silly gunzTarPerm modified mode [ 'resources/ckeditor/plugins/Thumbs.db', 438, 420 ]
335 silly gunzTarPerm extractEntry resources/ckeditor/contents.css
336 silly gunzTarPerm modified mode [ 'resources/ckeditor/contents.css', 438, 420 ]
337 silly gunzTarPerm extractEntry resources/ckeditor/samples/sample.js
338 silly gunzTarPerm modified mode [ 'resources/ckeditor/samples/sample.js', 438, 420 ]
339 silly gunzTarPerm extractEntry resources/ckeditor/samples/readonly.html
340 silly gunzTarPerm modified mode [ 'resources/ckeditor/samples/readonly.html', 438, 420 ]
341 silly gunzTarPerm extractEntry resources/ckeditor/samples/appendto.html
342 silly gunzTarPerm modified mode [ 'resources/ckeditor/samples/appendto.html', 438, 420 ]
343 silly gunzTarPerm extractEntry resources/ckeditor/samples/assets/inlineall/logo.png
344 silly gunzTarPerm modified mode [ 'resources/ckeditor/samples/assets/inlineall/logo.png',
344 silly gunzTarPerm   438,
344 silly gunzTarPerm   420 ]
345 silly gunzTarPerm extractEntry resources/ckeditor/samples/assets/outputxhtml/outputxhtml.css
346 silly gunzTarPerm modified mode [ 'resources/ckeditor/samples/assets/outputxhtml/outputxhtml.css',
346 silly gunzTarPerm   438,
346 silly gunzTarPerm   420 ]
347 silly gunzTarPerm extractEntry resources/ckeditor/samples/assets/posteddata.php
348 silly gunzTarPerm modified mode [ 'resources/ckeditor/samples/assets/posteddata.php', 438, 420 ]
349 silly gunzTarPerm extractEntry resources/ckeditor/samples/assets/sample.css
350 silly gunzTarPerm modified mode [ 'resources/ckeditor/samples/assets/sample.css', 438, 420 ]
351 silly gunzTarPerm extractEntry resources/ckeditor/samples/assets/sample.jpg
352 silly gunzTarPerm modified mode [ 'resources/ckeditor/samples/assets/sample.jpg', 438, 420 ]
353 silly gunzTarPerm extractEntry resources/ckeditor/samples/assets/uilanguages/languages.js
354 silly gunzTarPerm modified mode [ 'resources/ckeditor/samples/assets/uilanguages/languages.js',
354 silly gunzTarPerm   438,
354 silly gunzTarPerm   420 ]
355 silly gunzTarPerm extractEntry resources/ckeditor/samples/divreplace.html
356 silly gunzTarPerm modified mode [ 'resources/ckeditor/samples/divreplace.html', 438, 420 ]
357 silly gunzTarPerm extractEntry resources/ckeditor/samples/index.html
358 silly gunzTarPerm modified mode [ 'resources/ckeditor/samples/index.html', 438, 420 ]
359 silly gunzTarPerm extractEntry resources/ckeditor/samples/inlineall.html
360 silly gunzTarPerm modified mode [ 'resources/ckeditor/samples/inlineall.html', 438, 420 ]
361 silly gunzTarPerm extractEntry resources/ckeditor/samples/inlinebycode.html
362 silly gunzTarPerm modified mode [ 'resources/ckeditor/samples/inlinebycode.html', 438, 420 ]
363 silly gunzTarPerm extractEntry resources/ckeditor/samples/plugins/dialog/assets/my_dialog.js
364 silly gunzTarPerm modified mode [ 'resources/ckeditor/samples/plugins/dialog/assets/my_dialog.js',
364 silly gunzTarPerm   438,
364 silly gunzTarPerm   420 ]
365 silly gunzTarPerm extractEntry resources/ckeditor/samples/plugins/dialog/dialog.html
366 silly gunzTarPerm modified mode [ 'resources/ckeditor/samples/plugins/dialog/dialog.html',
366 silly gunzTarPerm   438,
366 silly gunzTarPerm   420 ]
367 silly gunzTarPerm extractEntry resources/ckeditor/samples/plugins/enterkey/enterkey.html
368 silly gunzTarPerm modified mode [ 'resources/ckeditor/samples/plugins/enterkey/enterkey.html',
368 silly gunzTarPerm   438,
368 silly gunzTarPerm   420 ]
369 silly gunzTarPerm extractEntry resources/ckeditor/samples/plugins/htmlwriter/assets/outputforflash/swfobject.js
370 silly gunzTarPerm modified mode [ 'resources/ckeditor/samples/plugins/htmlwriter/assets/outputforflash/swfobject.js',
370 silly gunzTarPerm   438,
370 silly gunzTarPerm   420 ]
371 silly gunzTarPerm extractEntry resources/ckeditor/samples/plugins/htmlwriter/assets/outputforflash/outputforflash.fla
372 silly gunzTarPerm modified mode [ 'resources/ckeditor/samples/plugins/htmlwriter/assets/outputforflash/outputforflash.fla',
372 silly gunzTarPerm   438,
372 silly gunzTarPerm   420 ]
373 silly gunzTarPerm extractEntry resources/ckeditor/samples/plugins/htmlwriter/assets/outputforflash/outputforflash.swf
374 silly gunzTarPerm modified mode [ 'resources/ckeditor/samples/plugins/htmlwriter/assets/outputforflash/outputforflash.swf',
374 silly gunzTarPerm   438,
374 silly gunzTarPerm   420 ]
375 silly gunzTarPerm extractEntry resources/ckeditor/samples/plugins/htmlwriter/outputforflash.html
376 silly gunzTarPerm modified mode [ 'resources/ckeditor/samples/plugins/htmlwriter/outputforflash.html',
376 silly gunzTarPerm   438,
376 silly gunzTarPerm   420 ]
377 silly gunzTarPerm extractEntry resources/ckeditor/samples/plugins/htmlwriter/outputhtml.html
378 silly gunzTarPerm modified mode [ 'resources/ckeditor/samples/plugins/htmlwriter/outputhtml.html',
378 silly gunzTarPerm   438,
378 silly gunzTarPerm   420 ]
379 silly gunzTarPerm extractEntry resources/ckeditor/samples/plugins/magicline/magicline.html
380 silly gunzTarPerm modified mode [ 'resources/ckeditor/samples/plugins/magicline/magicline.html',
380 silly gunzTarPerm   438,
380 silly gunzTarPerm   420 ]
381 silly gunzTarPerm extractEntry resources/ckeditor/samples/plugins/toolbar/toolbar.html
382 silly gunzTarPerm modified mode [ 'resources/ckeditor/samples/plugins/toolbar/toolbar.html',
382 silly gunzTarPerm   438,
382 silly gunzTarPerm   420 ]
383 silly gunzTarPerm extractEntry resources/ckeditor/samples/plugins/wysiwygarea/fullpage.html
384 silly gunzTarPerm modified mode [ 'resources/ckeditor/samples/plugins/wysiwygarea/fullpage.html',
384 silly gunzTarPerm   438,
384 silly gunzTarPerm   420 ]
385 silly gunzTarPerm extractEntry resources/ckeditor/samples/api.html
386 silly gunzTarPerm modified mode [ 'resources/ckeditor/samples/api.html', 438, 420 ]
387 silly gunzTarPerm extractEntry resources/ckeditor/samples/replacebyclass.html
388 silly gunzTarPerm modified mode [ 'resources/ckeditor/samples/replacebyclass.html', 438, 420 ]
389 silly gunzTarPerm extractEntry resources/ckeditor/samples/replacebycode.html
390 silly gunzTarPerm modified mode [ 'resources/ckeditor/samples/replacebycode.html', 438, 420 ]
391 silly gunzTarPerm extractEntry resources/ckeditor/samples/sample.css
392 silly gunzTarPerm modified mode [ 'resources/ckeditor/samples/sample.css', 438, 420 ]
393 silly gunzTarPerm extractEntry resources/ckeditor/samples/ajax.html
394 silly gunzTarPerm modified mode [ 'resources/ckeditor/samples/ajax.html', 438, 420 ]
395 silly gunzTarPerm extractEntry resources/ckeditor/samples/sample_posteddata.php
396 silly gunzTarPerm modified mode [ 'resources/ckeditor/samples/sample_posteddata.php', 438, 420 ]
397 silly gunzTarPerm extractEntry resources/ckeditor/samples/tabindex.html
398 silly gunzTarPerm modified mode [ 'resources/ckeditor/samples/tabindex.html', 438, 420 ]
399 silly gunzTarPerm extractEntry resources/ckeditor/samples/uicolor.html
400 silly gunzTarPerm modified mode [ 'resources/ckeditor/samples/uicolor.html', 438, 420 ]
401 silly gunzTarPerm extractEntry resources/ckeditor/samples/uilanguages.html
402 silly gunzTarPerm modified mode [ 'resources/ckeditor/samples/uilanguages.html', 438, 420 ]
403 silly gunzTarPerm extractEntry resources/ckeditor/samples/xhtmlstyle.html
404 silly gunzTarPerm modified mode [ 'resources/ckeditor/samples/xhtmlstyle.html', 438, 420 ]
405 silly gunzTarPerm extractEntry resources/ckeditor/skins/moono/editor_gecko.css
406 silly gunzTarPerm modified mode [ 'resources/ckeditor/skins/moono/editor_gecko.css', 438, 420 ]
407 silly gunzTarPerm extractEntry resources/ckeditor/skins/moono/dialog.css
408 silly gunzTarPerm modified mode [ 'resources/ckeditor/skins/moono/dialog.css', 438, 420 ]
409 silly gunzTarPerm extractEntry resources/ckeditor/skins/moono/dialog_ie7.css
410 silly gunzTarPerm modified mode [ 'resources/ckeditor/skins/moono/dialog_ie7.css', 438, 420 ]
411 silly gunzTarPerm extractEntry resources/ckeditor/skins/moono/dialog_ie8.css
412 silly gunzTarPerm modified mode [ 'resources/ckeditor/skins/moono/dialog_ie8.css', 438, 420 ]
413 silly gunzTarPerm extractEntry resources/ckeditor/skins/moono/dialog_opera.css
414 silly gunzTarPerm modified mode [ 'resources/ckeditor/skins/moono/dialog_opera.css', 438, 420 ]
415 silly gunzTarPerm extractEntry resources/ckeditor/skins/moono/editor.css
416 silly gunzTarPerm modified mode [ 'resources/ckeditor/skins/moono/editor.css', 438, 420 ]
417 silly gunzTarPerm extractEntry resources/ckeditor/skins/moono/dialog_ie.css
418 silly gunzTarPerm modified mode [ 'resources/ckeditor/skins/moono/dialog_ie.css', 438, 420 ]
419 silly gunzTarPerm extractEntry resources/ckeditor/skins/moono/editor_ie.css
420 silly gunzTarPerm modified mode [ 'resources/ckeditor/skins/moono/editor_ie.css', 438, 420 ]
421 silly gunzTarPerm extractEntry resources/ckeditor/skins/moono/editor_ie7.css
422 silly gunzTarPerm modified mode [ 'resources/ckeditor/skins/moono/editor_ie7.css', 438, 420 ]
423 silly gunzTarPerm extractEntry resources/ckeditor/skins/moono/editor_ie8.css
424 silly gunzTarPerm modified mode [ 'resources/ckeditor/skins/moono/editor_ie8.css', 438, 420 ]
425 silly gunzTarPerm extractEntry resources/ckeditor/skins/moono/icons.png
426 silly gunzTarPerm modified mode [ 'resources/ckeditor/skins/moono/icons.png', 438, 420 ]
427 silly gunzTarPerm extractEntry resources/ckeditor/skins/moono/images/arrow.png
428 silly gunzTarPerm modified mode [ 'resources/ckeditor/skins/moono/images/arrow.png', 438, 420 ]
429 silly gunzTarPerm extractEntry resources/ckeditor/skins/moono/images/close.png
430 silly gunzTarPerm modified mode [ 'resources/ckeditor/skins/moono/images/close.png', 438, 420 ]
431 silly gunzTarPerm extractEntry resources/ckeditor/skins/moono/images/mini.png
432 silly gunzTarPerm modified mode [ 'resources/ckeditor/skins/moono/images/mini.png', 438, 420 ]
433 silly gunzTarPerm extractEntry resources/ckeditor/skins/moono/readme.md
434 silly gunzTarPerm modified mode [ 'resources/ckeditor/skins/moono/readme.md', 438, 420 ]
435 silly gunzTarPerm extractEntry resources/ckeditor/LICENSE.md
436 silly gunzTarPerm modified mode [ 'resources/ckeditor/LICENSE.md', 438, 420 ]
437 silly gunzTarPerm extractEntry resources/img/glyphicons-halflings-white.png
438 silly gunzTarPerm modified mode [ 'resources/img/glyphicons-halflings-white.png', 438, 420 ]
439 silly gunzTarPerm extractEntry resources/img/glyphicons-halflings.png
440 silly gunzTarPerm modified mode [ 'resources/img/glyphicons-halflings.png', 438, 420 ]
441 silly gunzTarPerm extractEntry resources/javascript/bootstrap.min.js
442 silly gunzTarPerm modified mode [ 'resources/javascript/bootstrap.min.js', 438, 420 ]
443 silly gunzTarPerm extractEntry resources/javascript/jquery-1.8.3.min.js
444 silly gunzTarPerm modified mode [ 'resources/javascript/jquery-1.8.3.min.js', 438, 420 ]
445 silly gunzTarPerm extractEntry resources/stylesheets/bootstrap-responsive.min.css
446 silly gunzTarPerm modified mode [ 'resources/stylesheets/bootstrap-responsive.min.css',
446 silly gunzTarPerm   438,
446 silly gunzTarPerm   420 ]
447 silly gunzTarPerm extractEntry resources/stylesheets/bootstrap.min.css
448 silly gunzTarPerm modified mode [ 'resources/stylesheets/bootstrap.min.css', 438, 420 ]
449 silly gunzTarPerm extractEntry resources/stylesheets/style.css
450 silly gunzTarPerm modified mode [ 'resources/stylesheets/style.css', 438, 420 ]
451 silly gunzTarPerm extractEntry resources/stylesheets/style.styl
452 silly gunzTarPerm modified mode [ 'resources/stylesheets/style.styl', 438, 420 ]
453 silly gunzTarPerm extractEntry routes/index.js
454 silly gunzTarPerm modified mode [ 'routes/index.js', 438, 420 ]
455 verbose read json C:\Users\Dan\AppData\Local\Temp\npm-4044\1359085716787-0.34512300114147365\package\package.json
456 silly lockFile a5cbb43a-6787-0-34512300114147365-package C:\Users\Dan\AppData\Local\Temp\npm-4044\1359085716787-0.34512300114147365\package
457 verbose from cache C:\Users\Dan\AppData\Local\Temp\npm-4044\1359085716787-0.34512300114147365\package\package.json
458 verbose tar pack [ 'C:\\Users\\Dan\\AppData\\Roaming\\npm-cache\\bootstrap-blog\\0.0.7\\package.tgz',
458 verbose tar pack   'C:\\Users\\Dan\\AppData\\Local\\Temp\\npm-4044\\1359085716787-0.34512300114147365\\package' ]
459 verbose tarball C:\Users\Dan\AppData\Roaming\npm-cache\bootstrap-blog\0.0.7\package.tgz
460 verbose folder C:\Users\Dan\AppData\Local\Temp\npm-4044\1359085716787-0.34512300114147365\package
461 silly lockFile 08e8c4b3-bootstrap-blog-0-0-7-package-tgz C:\Users\Dan\AppData\Roaming\npm-cache\bootstrap-blog\0.0.7\package.tgz
462 verbose lock C:\Users\Dan\AppData\Roaming\npm-cache\bootstrap-blog\0.0.7\package.tgz C:\Users\Dan\AppData\Roaming\npm-cache\08e8c4b3-bootstrap-blog-0-0-7-package-tgz.lock
463 silly lockFile 08e8c4b3-bootstrap-blog-0-0-7-package-tgz C:\Users\Dan\AppData\Roaming\npm-cache\bootstrap-blog\0.0.7\package.tgz
464 silly lockFile da4f5ba3-che-bootstrap-blog-0-0-7-package C:\Users\Dan\AppData\Roaming\npm-cache\bootstrap-blog\0.0.7\package
465 verbose lock C:\Users\Dan\AppData\Roaming\npm-cache\bootstrap-blog\0.0.7\package C:\Users\Dan\AppData\Roaming\npm-cache\da4f5ba3-che-bootstrap-blog-0-0-7-package.lock
466 silly lockFile da4f5ba3-che-bootstrap-blog-0-0-7-package C:\Users\Dan\AppData\Roaming\npm-cache\bootstrap-blog\0.0.7\package
467 verbose tar unpack C:\Users\Dan\AppData\Roaming\npm-cache\bootstrap-blog\0.0.7\package.tgz
468 silly lockFile da4f5ba3-che-bootstrap-blog-0-0-7-package C:\Users\Dan\AppData\Roaming\npm-cache\bootstrap-blog\0.0.7\package
469 verbose lock C:\Users\Dan\AppData\Roaming\npm-cache\bootstrap-blog\0.0.7\package C:\Users\Dan\AppData\Roaming\npm-cache\da4f5ba3-che-bootstrap-blog-0-0-7-package.lock
470 silly gunzTarPerm modes [ '755', '644' ]
471 silly gunzTarPerm extractEntry package.json
472 silly gunzTarPerm modified mode [ 'package.json', 438, 420 ]
473 silly gunzTarPerm extractEntry README.md
474 silly gunzTarPerm modified mode [ 'README.md', 438, 420 ]
475 silly gunzTarPerm extractEntry blog.js
476 silly gunzTarPerm modified mode [ 'blog.js', 438, 420 ]
477 silly gunzTarPerm extractEntry db.js
478 silly gunzTarPerm modified mode [ 'db.js', 438, 420 ]
479 silly gunzTarPerm extractEntry resources/ckeditor/README.md
480 silly gunzTarPerm modified mode [ 'resources/ckeditor/README.md', 438, 420 ]
481 silly gunzTarPerm extractEntry resources/ckeditor/build-config.js
482 silly gunzTarPerm modified mode [ 'resources/ckeditor/build-config.js', 438, 420 ]
483 silly gunzTarPerm extractEntry resources/ckeditor/ckeditor.js
484 silly gunzTarPerm modified mode [ 'resources/ckeditor/ckeditor.js', 438, 420 ]
485 silly gunzTarPerm extractEntry resources/ckeditor/config.js
486 silly gunzTarPerm modified mode [ 'resources/ckeditor/config.js', 438, 420 ]
487 silly gunzTarPerm extractEntry resources/ckeditor/styles.js
488 silly gunzTarPerm modified mode [ 'resources/ckeditor/styles.js', 438, 420 ]
489 silly gunzTarPerm extractEntry resources/ckeditor/lang/af.js
490 silly gunzTarPerm modified mode [ 'resources/ckeditor/lang/af.js', 438, 420 ]
491 silly gunzTarPerm extractEntry resources/ckeditor/lang/hi.js
492 silly gunzTarPerm modified mode [ 'resources/ckeditor/lang/hi.js', 438, 420 ]
493 silly gunzTarPerm extractEntry resources/ckeditor/lang/hr.js
494 silly gunzTarPerm modified mode [ 'resources/ckeditor/lang/hr.js', 438, 420 ]
495 silly gunzTarPerm extractEntry resources/ckeditor/lang/hu.js
496 silly gunzTarPerm modified mode [ 'resources/ckeditor/lang/hu.js', 438, 420 ]
497 silly gunzTarPerm extractEntry resources/ckeditor/lang/is.js
498 silly gunzTarPerm modified mode [ 'resources/ckeditor/lang/is.js', 438, 420 ]
499 silly gunzTarPerm extractEntry resources/ckeditor/lang/he.js
500 silly gunzTarPerm modified mode [ 'resources/ckeditor/lang/he.js', 438, 420 ]
501 silly gunzTarPerm extractEntry resources/ckeditor/lang/ja.js
502 silly gunzTarPerm modified mode [ 'resources/ckeditor/lang/ja.js', 438, 420 ]
503 silly gunzTarPerm extractEntry resources/ckeditor/lang/ka.js
504 silly gunzTarPerm modified mode [ 'resources/ckeditor/lang/ka.js', 438, 420 ]
505 silly gunzTarPerm extractEntry resources/ckeditor/lang/km.js
506 silly gunzTarPerm modified mode [ 'resources/ckeditor/lang/km.js', 438, 420 ]
507 silly gunzTarPerm extractEntry resources/ckeditor/lang/ko.js
508 silly gunzTarPerm modified mode [ 'resources/ckeditor/lang/ko.js', 438, 420 ]
509 silly gunzTarPerm extractEntry resources/ckeditor/lang/ku.js
510 silly gunzTarPerm modified mode [ 'resources/ckeditor/lang/ku.js', 438, 420 ]
511 silly gunzTarPerm extractEntry resources/ckeditor/lang/gu.js
512 silly gunzTarPerm modified mode [ 'resources/ckeditor/lang/gu.js', 438, 420 ]
513 silly gunzTarPerm extractEntry resources/ckeditor/lang/lt.js
514 silly gunzTarPerm modified mode [ 'resources/ckeditor/lang/lt.js', 438, 420 ]
515 silly gunzTarPerm extractEntry resources/ckeditor/lang/gl.js
516 silly gunzTarPerm modified mode [ 'resources/ckeditor/lang/gl.js', 438, 420 ]
517 silly gunzTarPerm extractEntry resources/ckeditor/lang/lv.js
518 silly gunzTarPerm modified mode [ 'resources/ckeditor/lang/lv.js', 438, 420 ]
519 silly gunzTarPerm extractEntry resources/ckeditor/lang/fr.js
520 silly gunzTarPerm modified mode [ 'resources/ckeditor/lang/fr.js', 438, 420 ]
521 silly gunzTarPerm extractEntry resources/ckeditor/lang/mk.js
522 silly gunzTarPerm modified mode [ 'resources/ckeditor/lang/mk.js', 438, 420 ]
523 silly gunzTarPerm extractEntry resources/ckeditor/lang/fr-ca.js
524 silly gunzTarPerm modified mode [ 'resources/ckeditor/lang/fr-ca.js', 438, 420 ]
525 silly gunzTarPerm extractEntry resources/ckeditor/lang/mn.js
526 silly gunzTarPerm modified mode [ 'resources/ckeditor/lang/mn.js', 438, 420 ]
527 silly gunzTarPerm extractEntry resources/ckeditor/lang/fo.js
528 silly gunzTarPerm modified mode [ 'resources/ckeditor/lang/fo.js', 438, 420 ]
529 silly gunzTarPerm extractEntry resources/ckeditor/lang/ms.js
530 silly gunzTarPerm modified mode [ 'resources/ckeditor/lang/ms.js', 438, 420 ]
531 silly gunzTarPerm extractEntry resources/ckeditor/lang/fi.js
532 silly gunzTarPerm modified mode [ 'resources/ckeditor/lang/fi.js', 438, 420 ]
533 silly gunzTarPerm extractEntry resources/ckeditor/lang/nb.js
534 silly gunzTarPerm modified mode [ 'resources/ckeditor/lang/nb.js', 438, 420 ]
535 silly gunzTarPerm extractEntry resources/ckeditor/lang/fa.js
536 silly gunzTarPerm modified mode [ 'resources/ckeditor/lang/fa.js', 438, 420 ]
537 silly gunzTarPerm extractEntry resources/ckeditor/lang/nl.js
538 silly gunzTarPerm modified mode [ 'resources/ckeditor/lang/nl.js', 438, 420 ]
539 silly gunzTarPerm extractEntry resources/ckeditor/lang/eu.js
540 silly gunzTarPerm modified mode [ 'resources/ckeditor/lang/eu.js', 438, 420 ]
541 silly gunzTarPerm extractEntry resources/ckeditor/lang/no.js
542 silly gunzTarPerm modified mode [ 'resources/ckeditor/lang/no.js', 438, 420 ]
543 silly gunzTarPerm extractEntry resources/ckeditor/lang/et.js
544 silly gunzTarPerm modified mode [ 'resources/ckeditor/lang/et.js', 438, 420 ]
545 silly gunzTarPerm extractEntry resources/ckeditor/lang/pl.js
546 silly gunzTarPerm modified mode [ 'resources/ckeditor/lang/pl.js', 438, 420 ]
547 silly gunzTarPerm extractEntry resources/ckeditor/lang/es.js
548 silly gunzTarPerm modified mode [ 'resources/ckeditor/lang/es.js', 438, 420 ]
549 silly gunzTarPerm extractEntry resources/ckeditor/lang/pt-br.js
550 silly gunzTarPerm modified mode [ 'resources/ckeditor/lang/pt-br.js', 438, 420 ]
551 silly gunzTarPerm extractEntry resources/ckeditor/lang/eo.js
552 silly gunzTarPerm modified mode [ 'resources/ckeditor/lang/eo.js', 438, 420 ]
553 silly gunzTarPerm extractEntry resources/ckeditor/lang/pt.js
554 silly gunzTarPerm modified mode [ 'resources/ckeditor/lang/pt.js', 438, 420 ]
555 silly gunzTarPerm extractEntry resources/ckeditor/lang/en.js
556 silly gunzTarPerm modified mode [ 'resources/ckeditor/lang/en.js', 438, 420 ]
557 silly gunzTarPerm extractEntry resources/ckeditor/lang/ro.js
558 silly gunzTarPerm modified mode [ 'resources/ckeditor/lang/ro.js', 438, 420 ]
559 silly gunzTarPerm extractEntry resources/ckeditor/lang/en-gb.js
560 silly gunzTarPerm modified mode [ 'resources/ckeditor/lang/en-gb.js', 438, 420 ]
561 silly gunzTarPerm extractEntry resources/ckeditor/lang/ru.js
562 silly gunzTarPerm modified mode [ 'resources/ckeditor/lang/ru.js', 438, 420 ]
563 silly gunzTarPerm extractEntry resources/ckeditor/lang/en-ca.js
564 silly gunzTarPerm modified mode [ 'resources/ckeditor/lang/en-ca.js', 438, 420 ]
565 silly gunzTarPerm extractEntry resources/ckeditor/lang/sk.js
566 silly gunzTarPerm modified mode [ 'resources/ckeditor/lang/sk.js', 438, 420 ]
567 silly gunzTarPerm extractEntry resources/ckeditor/lang/en-au.js
568 silly gunzTarPerm modified mode [ 'resources/ckeditor/lang/en-au.js', 438, 420 ]
569 silly gunzTarPerm extractEntry resources/ckeditor/lang/sl.js
570 silly gunzTarPerm modified mode [ 'resources/ckeditor/lang/sl.js', 438, 420 ]
571 silly gunzTarPerm extractEntry resources/ckeditor/lang/el.js
572 silly gunzTarPerm modified mode [ 'resources/ckeditor/lang/el.js', 438, 420 ]
573 silly gunzTarPerm extractEntry resources/ckeditor/lang/sr-latn.js
574 silly gunzTarPerm modified mode [ 'resources/ckeditor/lang/sr-latn.js', 438, 420 ]
575 silly gunzTarPerm extractEntry resources/ckeditor/lang/de.js
576 silly gunzTarPerm modified mode [ 'resources/ckeditor/lang/de.js', 438, 420 ]
577 silly gunzTarPerm extractEntry resources/ckeditor/lang/sr.js
578 silly gunzTarPerm modified mode [ 'resources/ckeditor/lang/sr.js', 438, 420 ]
579 silly gunzTarPerm extractEntry resources/ckeditor/lang/da.js
580 silly gunzTarPerm modified mode [ 'resources/ckeditor/lang/da.js', 438, 420 ]
581 silly gunzTarPerm extractEntry resources/ckeditor/lang/sv.js
582 silly gunzTarPerm modified mode [ 'resources/ckeditor/lang/sv.js', 438, 420 ]
583 silly gunzTarPerm extractEntry resources/ckeditor/lang/cy.js
584 silly gunzTarPerm modified mode [ 'resources/ckeditor/lang/cy.js', 438, 420 ]
585 silly gunzTarPerm extractEntry resources/ckeditor/lang/th.js
586 silly gunzTarPerm modified mode [ 'resources/ckeditor/lang/th.js', 438, 420 ]
587 silly gunzTarPerm extractEntry resources/ckeditor/lang/cs.js
588 silly gunzTarPerm modified mode [ 'resources/ckeditor/lang/cs.js', 438, 420 ]
589 silly gunzTarPerm extractEntry resources/ckeditor/lang/tr.js
590 silly gunzTarPerm modified mode [ 'resources/ckeditor/lang/tr.js', 438, 420 ]
591 silly gunzTarPerm extractEntry resources/ckeditor/lang/ca.js
592 silly gunzTarPerm modified mode [ 'resources/ckeditor/lang/ca.js', 438, 420 ]
593 silly gunzTarPerm extractEntry resources/ckeditor/lang/ug.js
594 silly gunzTarPerm modified mode [ 'resources/ckeditor/lang/ug.js', 438, 420 ]
595 silly gunzTarPerm extractEntry resources/ckeditor/lang/bs.js
596 silly gunzTarPerm modified mode [ 'resources/ckeditor/lang/bs.js', 438, 420 ]
597 silly gunzTarPerm extractEntry resources/ckeditor/lang/uk.js
598 silly gunzTarPerm modified mode [ 'resources/ckeditor/lang/uk.js', 438, 420 ]
599 silly gunzTarPerm extractEntry resources/ckeditor/lang/bn.js
600 silly gunzTarPerm modified mode [ 'resources/ckeditor/lang/bn.js', 438, 420 ]
601 silly gunzTarPerm extractEntry resources/ckeditor/lang/vi.js
602 silly gunzTarPerm modified mode [ 'resources/ckeditor/lang/vi.js', 438, 420 ]
603 silly gunzTarPerm extractEntry resources/ckeditor/lang/bg.js
604 silly gunzTarPerm modified mode [ 'resources/ckeditor/lang/bg.js', 438, 420 ]
605 silly gunzTarPerm extractEntry resources/ckeditor/lang/zh-cn.js
606 silly gunzTarPerm modified mode [ 'resources/ckeditor/lang/zh-cn.js', 438, 420 ]
607 silly gunzTarPerm extractEntry resources/ckeditor/lang/ar.js
608 silly gunzTarPerm modified mode [ 'resources/ckeditor/lang/ar.js', 438, 420 ]
609 silly gunzTarPerm extractEntry resources/ckeditor/lang/zh.js
610 silly gunzTarPerm modified mode [ 'resources/ckeditor/lang/zh.js', 438, 420 ]
611 silly gunzTarPerm extractEntry resources/ckeditor/lang/it.js
612 silly gunzTarPerm modified mode [ 'resources/ckeditor/lang/it.js', 438, 420 ]
613 silly gunzTarPerm extractEntry resources/ckeditor/CHANGES.md
614 silly gunzTarPerm modified mode [ 'resources/ckeditor/CHANGES.md', 438, 420 ]
615 silly gunzTarPerm extractEntry resources/ckeditor/plugins/link/dialogs/anchor.js
616 silly gunzTarPerm modified mode [ 'resources/ckeditor/plugins/link/dialogs/anchor.js', 438, 420 ]
617 silly gunzTarPerm extractEntry resources/ckeditor/plugins/link/dialogs/link.js
618 silly gunzTarPerm modified mode [ 'resources/ckeditor/plugins/link/dialogs/link.js', 438, 420 ]
619 silly gunzTarPerm extractEntry resources/ckeditor/plugins/link/images/anchor.png
620 silly gunzTarPerm modified mode [ 'resources/ckeditor/plugins/link/images/anchor.png', 438, 420 ]
621 silly gunzTarPerm extractEntry resources/ckeditor/plugins/a11yhelp/dialogs/a11yhelp.js
622 silly gunzTarPerm modified mode [ 'resources/ckeditor/plugins/a11yhelp/dialogs/a11yhelp.js',
622 silly gunzTarPerm   438,
622 silly gunzTarPerm   420 ]
623 silly gunzTarPerm extractEntry resources/ckeditor/plugins/a11yhelp/dialogs/lang/ar.js
624 silly gunzTarPerm modified mode [ 'resources/ckeditor/plugins/a11yhelp/dialogs/lang/ar.js',
624 silly gunzTarPerm   438,
624 silly gunzTarPerm   420 ]
625 silly gunzTarPerm extractEntry resources/ckeditor/plugins/a11yhelp/dialogs/lang/hr.js
626 silly gunzTarPerm modified mode [ 'resources/ckeditor/plugins/a11yhelp/dialogs/lang/hr.js',
626 silly gunzTarPerm   438,
626 silly gunzTarPerm   420 ]
627 silly gunzTarPerm extractEntry resources/ckeditor/plugins/a11yhelp/dialogs/lang/hu.js
628 silly gunzTarPerm modified mode [ 'resources/ckeditor/plugins/a11yhelp/dialogs/lang/hu.js',
628 silly gunzTarPerm   438,
628 silly gunzTarPerm   420 ]
629 silly gunzTarPerm extractEntry resources/ckeditor/plugins/a11yhelp/dialogs/lang/it.js
630 silly gunzTarPerm modified mode [ 'resources/ckeditor/plugins/a11yhelp/dialogs/lang/it.js',
630 silly gunzTarPerm   438,
630 silly gunzTarPerm   420 ]
631 silly gunzTarPerm extractEntry resources/ckeditor/plugins/a11yhelp/dialogs/lang/hi.js
632 silly gunzTarPerm modified mode [ 'resources/ckeditor/plugins/a11yhelp/dialogs/lang/hi.js',
632 silly gunzTarPerm   438,
632 silly gunzTarPerm   420 ]
633 silly gunzTarPerm extractEntry resources/ckeditor/plugins/a11yhelp/dialogs/lang/lt.js
634 silly gunzTarPerm modified mode [ 'resources/ckeditor/plugins/a11yhelp/dialogs/lang/lt.js',
634 silly gunzTarPerm   438,
634 silly gunzTarPerm   420 ]
635 silly gunzTarPerm extractEntry resources/ckeditor/plugins/a11yhelp/dialogs/lang/lv.js
636 silly gunzTarPerm modified mode [ 'resources/ckeditor/plugins/a11yhelp/dialogs/lang/lv.js',
636 silly gunzTarPerm   438,
636 silly gunzTarPerm   420 ]
637 silly gunzTarPerm extractEntry resources/ckeditor/plugins/a11yhelp/dialogs/lang/mk.js
638 silly gunzTarPerm modified mode [ 'resources/ckeditor/plugins/a11yhelp/dialogs/lang/mk.js',
638 silly gunzTarPerm   438,
638 silly gunzTarPerm   420 ]
639 silly gunzTarPerm extractEntry resources/ckeditor/plugins/a11yhelp/dialogs/lang/mn.js
640 silly gunzTarPerm modified mode [ 'resources/ckeditor/plugins/a11yhelp/dialogs/lang/mn.js',
640 silly gunzTarPerm   438,
640 silly gunzTarPerm   420 ]
641 silly gunzTarPerm extractEntry resources/ckeditor/plugins/a11yhelp/dialogs/lang/nb.js
642 silly gunzTarPerm modified mode [ 'resources/ckeditor/plugins/a11yhelp/dialogs/lang/nb.js',
642 silly gunzTarPerm   438,
642 silly gunzTarPerm   420 ]
643 silly gunzTarPerm extractEntry resources/ckeditor/plugins/a11yhelp/dialogs/lang/he.js
644 silly gunzTarPerm modified mode [ 'resources/ckeditor/plugins/a11yhelp/dialogs/lang/he.js',
644 silly gunzTarPerm   438,
644 silly gunzTarPerm   420 ]
645 silly gunzTarPerm extractEntry resources/ckeditor/plugins/a11yhelp/dialogs/lang/nl.js
646 silly gunzTarPerm modified mode [ 'resources/ckeditor/plugins/a11yhelp/dialogs/lang/nl.js',
646 silly gunzTarPerm   438,
646 silly gunzTarPerm   420 ]
647 silly gunzTarPerm extractEntry resources/ckeditor/plugins/a11yhelp/dialogs/lang/gu.js
648 silly gunzTarPerm modified mode [ 'resources/ckeditor/plugins/a11yhelp/dialogs/lang/gu.js',
648 silly gunzTarPerm   438,
648 silly gunzTarPerm   420 ]
649 silly gunzTarPerm extractEntry resources/ckeditor/plugins/a11yhelp/dialogs/lang/no.js
650 silly gunzTarPerm modified mode [ 'resources/ckeditor/plugins/a11yhelp/dialogs/lang/no.js',
650 silly gunzTarPerm   438,
650 silly gunzTarPerm   420 ]
651 silly gunzTarPerm extractEntry resources/ckeditor/plugins/a11yhelp/dialogs/lang/fr.js
652 silly gunzTarPerm modified mode [ 'resources/ckeditor/plugins/a11yhelp/dialogs/lang/fr.js',
652 silly gunzTarPerm   438,
652 silly gunzTarPerm   420 ]
653 silly gunzTarPerm extractEntry resources/ckeditor/plugins/a11yhelp/dialogs/lang/pl.js
654 silly gunzTarPerm modified mode [ 'resources/ckeditor/plugins/a11yhelp/dialogs/lang/pl.js',
654 silly gunzTarPerm   438,
654 silly gunzTarPerm   420 ]
655 silly gunzTarPerm extractEntry resources/ckeditor/plugins/a11yhelp/dialogs/lang/fi.js
656 silly gunzTarPerm modified mode [ 'resources/ckeditor/plugins/a11yhelp/dialogs/lang/fi.js',
656 silly gunzTarPerm   438,
656 silly gunzTarPerm   420 ]
657 silly gunzTarPerm extractEntry resources/ckeditor/plugins/a11yhelp/dialogs/lang/pt-br.js
658 silly gunzTarPerm modified mode [ 'resources/ckeditor/plugins/a11yhelp/dialogs/lang/pt-br.js',
658 silly gunzTarPerm   438,
658 silly gunzTarPerm   420 ]
659 silly gunzTarPerm extractEntry resources/ckeditor/plugins/a11yhelp/dialogs/lang/fa.js
660 silly gunzTarPerm modified mode [ 'resources/ckeditor/plugins/a11yhelp/dialogs/lang/fa.js',
660 silly gunzTarPerm   438,
660 silly gunzTarPerm   420 ]
661 silly gunzTarPerm extractEntry resources/ckeditor/plugins/a11yhelp/dialogs/lang/pt.js
662 silly gunzTarPerm modified mode [ 'resources/ckeditor/plugins/a11yhelp/dialogs/lang/pt.js',
662 silly gunzTarPerm   438,
662 silly gunzTarPerm   420 ]
663 silly gunzTarPerm extractEntry resources/ckeditor/plugins/a11yhelp/dialogs/lang/et.js
664 silly gunzTarPerm modified mode [ 'resources/ckeditor/plugins/a11yhelp/dialogs/lang/et.js',
664 silly gunzTarPerm   438,
664 silly gunzTarPerm   420 ]
665 silly gunzTarPerm extractEntry resources/ckeditor/plugins/a11yhelp/dialogs/lang/ro.js
666 silly gunzTarPerm modified mode [ 'resources/ckeditor/plugins/a11yhelp/dialogs/lang/ro.js',
666 silly gunzTarPerm   438,
666 silly gunzTarPerm   420 ]
667 silly gunzTarPerm extractEntry resources/ckeditor/plugins/a11yhelp/dialogs/lang/eo.js
668 silly gunzTarPerm modified mode [ 'resources/ckeditor/plugins/a11yhelp/dialogs/lang/eo.js',
668 silly gunzTarPerm   438,
668 silly gunzTarPerm   420 ]
669 silly gunzTarPerm extractEntry resources/ckeditor/plugins/a11yhelp/dialogs/lang/ru.js
670 silly gunzTarPerm modified mode [ 'resources/ckeditor/plugins/a11yhelp/dialogs/lang/ru.js',
670 silly gunzTarPerm   438,
670 silly gunzTarPerm   420 ]
671 silly gunzTarPerm extractEntry resources/ckeditor/plugins/a11yhelp/dialogs/lang/en.js
672 silly gunzTarPerm modified mode [ 'resources/ckeditor/plugins/a11yhelp/dialogs/lang/en.js',
672 silly gunzTarPerm   438,
672 silly gunzTarPerm   420 ]
673 silly gunzTarPerm extractEntry resources/ckeditor/plugins/a11yhelp/dialogs/lang/sk.js
674 silly gunzTarPerm modified mode [ 'resources/ckeditor/plugins/a11yhelp/dialogs/lang/sk.js',
674 silly gunzTarPerm   438,
674 silly gunzTarPerm   420 ]
675 silly gunzTarPerm extractEntry resources/ckeditor/plugins/a11yhelp/dialogs/lang/el.js
676 silly gunzTarPerm modified mode [ 'resources/ckeditor/plugins/a11yhelp/dialogs/lang/el.js',
676 silly gunzTarPerm   438,
676 silly gunzTarPerm   420 ]
677 silly gunzTarPerm extractEntry resources/ckeditor/plugins/a11yhelp/dialogs/lang/sl.js
678 silly gunzTarPerm modified mode [ 'resources/ckeditor/plugins/a11yhelp/dialogs/lang/sl.js',
678 silly gunzTarPerm   438,
678 silly gunzTarPerm   420 ]
679 silly gunzTarPerm extractEntry resources/ckeditor/plugins/a11yhelp/dialogs/lang/de.js
680 silly gunzTarPerm modified mode [ 'resources/ckeditor/plugins/a11yhelp/dialogs/lang/de.js',
680 silly gunzTarPerm   438,
680 silly gunzTarPerm   420 ]
681 silly gunzTarPerm extractEntry resources/ckeditor/plugins/a11yhelp/dialogs/lang/tr.js
682 silly gunzTarPerm modified mode [ 'resources/ckeditor/plugins/a11yhelp/dialogs/lang/tr.js',
682 silly gunzTarPerm   438,
682 silly gunzTarPerm   420 ]
683 silly gunzTarPerm extractEntry resources/ckeditor/plugins/a11yhelp/dialogs/lang/da.js
684 silly gunzTarPerm modified mode [ 'resources/ckeditor/plugins/a11yhelp/dialogs/lang/da.js',
684 silly gunzTarPerm   438,
684 silly gunzTarPerm   420 ]
685 silly gunzTarPerm extractEntry resources/ckeditor/plugins/a11yhelp/dialogs/lang/ug.js
686 silly gunzTarPerm modified mode [ 'resources/ckeditor/plugins/a11yhelp/dialogs/lang/ug.js',
686 silly gunzTarPerm   438,
686 silly gunzTarPerm   420 ]
687 silly gunzTarPerm extractEntry resources/ckeditor/plugins/a11yhelp/dialogs/lang/cy.js
688 silly gunzTarPerm modified mode [ 'resources/ckeditor/plugins/a11yhelp/dialogs/lang/cy.js',
688 silly gunzTarPerm   438,
688 silly gunzTarPerm   420 ]
689 silly gunzTarPerm extractEntry resources/ckeditor/plugins/a11yhelp/dialogs/lang/uk.js
690 silly gunzTarPerm modified mode [ 'resources/ckeditor/plugins/a11yhelp/dialogs/lang/uk.js',
690 silly gunzTarPerm   438,
690 silly gunzTarPerm   420 ]
691 silly gunzTarPerm extractEntry resources/ckeditor/plugins/a11yhelp/dialogs/lang/cs.js
692 silly gunzTarPerm modified mode [ 'resources/ckeditor/plugins/a11yhelp/dialogs/lang/cs.js',
692 silly gunzTarPerm   438,
692 silly gunzTarPerm   420 ]
693 silly gunzTarPerm extractEntry resources/ckeditor/plugins/a11yhelp/dialogs/lang/vi.js
694 silly gunzTarPerm modified mode [ 'resources/ckeditor/plugins/a11yhelp/dialogs/lang/vi.js',
694 silly gunzTarPerm   438,
694 silly gunzTarPerm   420 ]
695 silly gunzTarPerm extractEntry resources/ckeditor/plugins/a11yhelp/dialogs/lang/ca.js
696 silly gunzTarPerm modified mode [ 'resources/ckeditor/plugins/a11yhelp/dialogs/lang/ca.js',
696 silly gunzTarPerm   438,
696 silly gunzTarPerm   420 ]
697 silly gunzTarPerm extractEntry resources/ckeditor/plugins/a11yhelp/dialogs/lang/zh-cn.js
698 silly gunzTarPerm modified mode [ 'resources/ckeditor/plugins/a11yhelp/dialogs/lang/zh-cn.js',
698 silly gunzTarPerm   438,
698 silly gunzTarPerm   420 ]
699 silly gunzTarPerm extractEntry resources/ckeditor/plugins/a11yhelp/dialogs/lang/bg.js
700 silly gunzTarPerm modified mode [ 'resources/ckeditor/plugins/a11yhelp/dialogs/lang/bg.js',
700 silly gunzTarPerm   438,
700 silly gunzTarPerm   420 ]
701 silly gunzTarPerm extractEntry resources/ckeditor/plugins/a11yhelp/dialogs/lang/ku.js
702 silly gunzTarPerm modified mode [ 'resources/ckeditor/plugins/a11yhelp/dialogs/lang/ku.js',
702 silly gunzTarPerm   438,
702 silly gunzTarPerm   420 ]
703 silly gunzTarPerm extractEntry resources/ckeditor/plugins/a11yhelp/dialogs/lang/_translationstatus.txt
704 silly gunzTarPerm modified mode [ 'resources/ckeditor/plugins/a11yhelp/dialogs/lang/_translationstatus.txt',
704 silly gunzTarPerm   438,
704 silly gunzTarPerm   420 ]
705 silly gunzTarPerm extractEntry resources/ckeditor/plugins/clipboard/dialogs/paste.js
706 silly gunzTarPerm modified mode [ 'resources/ckeditor/plugins/clipboard/dialogs/paste.js',
706 silly gunzTarPerm   438,
706 silly gunzTarPerm   420 ]
707 silly gunzTarPerm extractEntry resources/ckeditor/plugins/dialog/dialogDefinition.js
708 silly gunzTarPerm modified mode [ 'resources/ckeditor/plugins/dialog/dialogDefinition.js',
708 silly gunzTarPerm   438,
708 silly gunzTarPerm   420 ]
709 silly gunzTarPerm extractEntry resources/ckeditor/plugins/fakeobjects/images/spacer.gif
710 silly gunzTarPerm modified mode [ 'resources/ckeditor/plugins/fakeobjects/images/spacer.gif',
710 silly gunzTarPerm   438,
710 silly gunzTarPerm   420 ]
711 silly gunzTarPerm extractEntry resources/ckeditor/plugins/icons.png
712 silly gunzTarPerm modified mode [ 'resources/ckeditor/plugins/icons.png', 438, 420 ]
713 silly gunzTarPerm extractEntry resources/ckeditor/plugins/image/dialogs/image.js
714 silly gunzTarPerm modified mode [ 'resources/ckeditor/plugins/image/dialogs/image.js', 438, 420 ]
715 silly gunzTarPerm extractEntry resources/ckeditor/plugins/image/images/noimage.png
716 silly gunzTarPerm modified mode [ 'resources/ckeditor/plugins/image/images/noimage.png',
716 silly gunzTarPerm   438,
716 silly gunzTarPerm   420 ]
717 silly gunzTarPerm extractEntry resources/ckeditor/plugins/about/dialogs/about.js
718 silly gunzTarPerm modified mode [ 'resources/ckeditor/plugins/about/dialogs/about.js', 438, 420 ]
719 silly gunzTarPerm extractEntry resources/ckeditor/plugins/about/dialogs/logo_ckeditor.png
720 silly gunzTarPerm modified mode [ 'resources/ckeditor/plugins/about/dialogs/logo_ckeditor.png',
720 silly gunzTarPerm   438,
720 silly gunzTarPerm   420 ]
721 silly gunzTarPerm extractEntry resources/ckeditor/plugins/magicline/images/icon.png
722 silly gunzTarPerm modified mode [ 'resources/ckeditor/plugins/magicline/images/icon.png',
722 silly gunzTarPerm   438,
722 silly gunzTarPerm   420 ]
723 silly gunzTarPerm extractEntry resources/ckeditor/plugins/pastefromword/filter/default.js
724 silly gunzTarPerm modified mode [ 'resources/ckeditor/plugins/pastefromword/filter/default.js',
724 silly gunzTarPerm   438,
724 silly gunzTarPerm   420 ]
725 silly gunzTarPerm extractEntry resources/ckeditor/plugins/specialchar/dialogs/specialchar.js
726 silly gunzTarPerm modified mode [ 'resources/ckeditor/plugins/specialchar/dialogs/specialchar.js',
726 silly gunzTarPerm   438,
726 silly gunzTarPerm   420 ]
727 silly gunzTarPerm extractEntry resources/ckeditor/plugins/specialchar/dialogs/lang/ca.js
728 silly gunzTarPerm modified mode [ 'resources/ckeditor/plugins/specialchar/dialogs/lang/ca.js',
728 silly gunzTarPerm   438,
728 silly gunzTarPerm   420 ]
729 silly gunzTarPerm extractEntry resources/ckeditor/plugins/specialchar/dialogs/lang/fi.js
730 silly gunzTarPerm modified mode [ 'resources/ckeditor/plugins/specialchar/dialogs/lang/fi.js',
730 silly gunzTarPerm   438,
730 silly gunzTarPerm   420 ]
731 silly gunzTarPerm extractEntry resources/ckeditor/plugins/specialchar/dialogs/lang/fr.js
732 silly gunzTarPerm modified mode [ 'resources/ckeditor/plugins/specialchar/dialogs/lang/fr.js',
732 silly gunzTarPerm   438,
732 silly gunzTarPerm   420 ]
733 silly gunzTarPerm extractEntry resources/ckeditor/plugins/specialchar/dialogs/lang/he.js
734 silly gunzTarPerm modified mode [ 'resources/ckeditor/plugins/specialchar/dialogs/lang/he.js',
734 silly gunzTarPerm   438,
734 silly gunzTarPerm   420 ]
735 silly gunzTarPerm extractEntry resources/ckeditor/plugins/specialchar/dialogs/lang/fa.js
736 silly gunzTarPerm modified mode [ 'resources/ckeditor/plugins/specialchar/dialogs/lang/fa.js',
736 silly gunzTarPerm   438,
736 silly gunzTarPerm   420 ]
737 silly gunzTarPerm extractEntry resources/ckeditor/plugins/specialchar/dialogs/lang/it.js
738 silly gunzTarPerm modified mode [ 'resources/ckeditor/plugins/specialchar/dialogs/lang/it.js',
738 silly gunzTarPerm   438,
738 silly gunzTarPerm   420 ]
739 silly gunzTarPerm extractEntry resources/ckeditor/plugins/specialchar/dialogs/lang/ku.js
740 silly gunzTarPerm modified mode [ 'resources/ckeditor/plugins/specialchar/dialogs/lang/ku.js',
740 silly gunzTarPerm   438,
740 silly gunzTarPerm   420 ]
741 silly gunzTarPerm extractEntry resources/ckeditor/plugins/specialchar/dialogs/lang/lv.js
742 silly gunzTarPerm modified mode [ 'resources/ckeditor/plugins/specialchar/dialogs/lang/lv.js',
742 silly gunzTarPerm   438,
742 silly gunzTarPerm   420 ]
743 silly gunzTarPerm extractEntry resources/ckeditor/plugins/specialchar/dialogs/lang/nb.js
744 silly gunzTarPerm modified mode [ 'resources/ckeditor/plugins/specialchar/dialogs/lang/nb.js',
744 silly gunzTarPerm   438,
744 silly gunzTarPerm   420 ]
745 silly gunzTarPerm extractEntry resources/ckeditor/plugins/specialchar/dialogs/lang/nl.js
746 silly gunzTarPerm modified mode [ 'resources/ckeditor/plugins/specialchar/dialogs/lang/nl.js',
746 silly gunzTarPerm   438,
746 silly gunzTarPerm   420 ]
747 silly gunzTarPerm extractEntry resources/ckeditor/plugins/specialchar/dialogs/lang/et.js
748 silly gunzTarPerm modified mode [ 'resources/ckeditor/plugins/specialchar/dialogs/lang/et.js',
748 silly gunzTarPerm   438,
748 silly gunzTarPerm   420 ]
749 silly gunzTarPerm extractEntry resources/ckeditor/plugins/specialchar/dialogs/lang/no.js
750 silly gunzTarPerm modified mode [ 'resources/ckeditor/plugins/specialchar/dialogs/lang/no.js',
750 silly gunzTarPerm   438,
750 silly gunzTarPerm   420 ]
751 silly gunzTarPerm extractEntry resources/ckeditor/plugins/specialchar/dialogs/lang/eo.js
752 silly gunzTarPerm modified mode [ 'resources/ckeditor/plugins/specialchar/dialogs/lang/eo.js',
752 silly gunzTarPerm   438,
752 silly gunzTarPerm   420 ]
753 silly gunzTarPerm extractEntry resources/ckeditor/plugins/specialchar/dialogs/lang/pt-br.js
754 silly gunzTarPerm modified mode [ 'resources/ckeditor/plugins/specialchar/dialogs/lang/pt-br.js',
754 silly gunzTarPerm   438,
754 silly gunzTarPerm   420 ]
755 silly gunzTarPerm extractEntry resources/ckeditor/plugins/specialchar/dialogs/lang/en.js
756 silly gunzTarPerm modified mode [ 'resources/ckeditor/plugins/specialchar/dialogs/lang/en.js',
756 silly gunzTarPerm   438,
756 silly gunzTarPerm   420 ]
757 silly gunzTarPerm extractEntry resources/ckeditor/plugins/specialchar/dialogs/lang/sk.js
758 silly gunzTarPerm modified mode [ 'resources/ckeditor/plugins/specialchar/dialogs/lang/sk.js',
758 silly gunzTarPerm   438,
758 silly gunzTarPerm   420 ]
759 silly gunzTarPerm extractEntry resources/ckeditor/plugins/specialchar/dialogs/lang/el.js
760 silly gunzTarPerm modified mode [ 'resources/ckeditor/plugins/specialchar/dialogs/lang/el.js',
760 silly gunzTarPerm   438,
760 silly gunzTarPerm   420 ]
761 silly gunzTarPerm extractEntry resources/ckeditor/plugins/specialchar/dialogs/lang/tr.js
762 silly gunzTarPerm modified mode [ 'resources/ckeditor/plugins/specialchar/dialogs/lang/tr.js',
762 silly gunzTarPerm   438,
762 silly gunzTarPerm   420 ]
763 silly gunzTarPerm extractEntry resources/ckeditor/plugins/specialchar/dialogs/lang/de.js
764 silly gunzTarPerm modified mode [ 'resources/ckeditor/plugins/specialchar/dialogs/lang/de.js',
764 silly gunzTarPerm   438,
764 silly gunzTarPerm   420 ]
765 silly gunzTarPerm extractEntry resources/ckeditor/plugins/specialchar/dialogs/lang/ug.js
766 silly gunzTarPerm modified mode [ 'resources/ckeditor/plugins/specialchar/dialogs/lang/ug.js',
766 silly gunzTarPerm   438,
766 silly gunzTarPerm   420 ]
767 silly gunzTarPerm extractEntry resources/ckeditor/plugins/specialchar/dialogs/lang/cy.js
768 silly gunzTarPerm modified mode [ 'resources/ckeditor/plugins/specialchar/dialogs/lang/cy.js',
768 silly gunzTarPerm   438,
768 silly gunzTarPerm   420 ]
769 silly gunzTarPerm extractEntry resources/ckeditor/plugins/specialchar/dialogs/lang/zh-cn.js
770 silly gunzTarPerm modified mode [ 'resources/ckeditor/plugins/specialchar/dialogs/lang/zh-cn.js',
770 silly gunzTarPerm   438,
770 silly gunzTarPerm   420 ]
771 silly gunzTarPerm extractEntry resources/ckeditor/plugins/specialchar/dialogs/lang/cs.js
772 silly gunzTarPerm modified mode [ 'resources/ckeditor/plugins/specialchar/dialogs/lang/cs.js',
772 silly gunzTarPerm   438,
772 silly gunzTarPerm   420 ]
773 silly gunzTarPerm extractEntry resources/ckeditor/plugins/specialchar/dialogs/lang/hr.js
774 silly gunzTarPerm modified mode [ 'resources/ckeditor/plugins/specialchar/dialogs/lang/hr.js',
774 silly gunzTarPerm   438,
774 silly gunzTarPerm   420 ]
775 silly gunzTarPerm extractEntry resources/ckeditor/plugins/specialchar/dialogs/lang/_translationstatus.txt
776 silly gunzTarPerm modified mode [ 'resources/ckeditor/plugins/specialchar/dialogs/lang/_translationstatus.txt',
776 silly gunzTarPerm   438,
776 silly gunzTarPerm   420 ]
777 silly gunzTarPerm extractEntry resources/ckeditor/plugins/table/dialogs/table.js
778 silly gunzTarPerm modified mode [ 'resources/ckeditor/plugins/table/dialogs/table.js', 438, 420 ]
779 silly gunzTarPerm extractEntry resources/ckeditor/plugins/tabletools/dialogs/tableCell.js
780 silly gunzTarPerm modified mode [ 'resources/ckeditor/plugins/tabletools/dialogs/tableCell.js',
780 silly gunzTarPerm   438,
780 silly gunzTarPerm   420 ]
781 silly gunzTarPerm extractEntry resources/ckeditor/plugins/Thumbs.db
782 silly gunzTarPerm modified mode [ 'resources/ckeditor/plugins/Thumbs.db', 438, 420 ]
783 silly gunzTarPerm extractEntry resources/ckeditor/contents.css
784 silly gunzTarPerm modified mode [ 'resources/ckeditor/contents.css', 438, 420 ]
785 silly gunzTarPerm extractEntry resources/ckeditor/samples/sample.js
786 silly gunzTarPerm modified mode [ 'resources/ckeditor/samples/sample.js', 438, 420 ]
787 silly gunzTarPerm extractEntry resources/ckeditor/samples/readonly.html
788 silly gunzTarPerm modified mode [ 'resources/ckeditor/samples/readonly.html', 438, 420 ]
789 silly gunzTarPerm extractEntry resources/ckeditor/samples/appendto.html
790 silly gunzTarPerm modified mode [ 'resources/ckeditor/samples/appendto.html', 438, 420 ]
791 silly gunzTarPerm extractEntry resources/ckeditor/samples/assets/inlineall/logo.png
792 silly gunzTarPerm modified mode [ 'resources/ckeditor/samples/assets/inlineall/logo.png',
792 silly gunzTarPerm   438,
792 silly gunzTarPerm   420 ]
793 silly gunzTarPerm extractEntry resources/ckeditor/samples/assets/outputxhtml/outputxhtml.css
794 silly gunzTarPerm modified mode [ 'resources/ckeditor/samples/assets/outputxhtml/outputxhtml.css',
794 silly gunzTarPerm   438,
794 silly gunzTarPerm   420 ]
795 silly gunzTarPerm extractEntry resources/ckeditor/samples/assets/posteddata.php
796 silly gunzTarPerm modified mode [ 'resources/ckeditor/samples/assets/posteddata.php', 438, 420 ]
797 silly gunzTarPerm extractEntry resources/ckeditor/samples/assets/sample.css
798 silly gunzTarPerm modified mode [ 'resources/ckeditor/samples/assets/sample.css', 438, 420 ]
799 silly gunzTarPerm extractEntry resources/ckeditor/samples/assets/sample.jpg
800 silly gunzTarPerm modified mode [ 'resources/ckeditor/samples/assets/sample.jpg', 438, 420 ]
801 silly gunzTarPerm extractEntry resources/ckeditor/samples/assets/uilanguages/languages.js
802 silly gunzTarPerm modified mode [ 'resources/ckeditor/samples/assets/uilanguages/languages.js',
802 silly gunzTarPerm   438,
802 silly gunzTarPerm   420 ]
803 silly gunzTarPerm extractEntry resources/ckeditor/samples/divreplace.html
804 silly gunzTarPerm modified mode [ 'resources/ckeditor/samples/divreplace.html', 438, 420 ]
805 silly gunzTarPerm extractEntry resources/ckeditor/samples/index.html
806 silly gunzTarPerm modified mode [ 'resources/ckeditor/samples/index.html', 438, 420 ]
807 silly gunzTarPerm extractEntry resources/ckeditor/samples/inlineall.html
808 silly gunzTarPerm modified mode [ 'resources/ckeditor/samples/inlineall.html', 438, 420 ]
809 silly gunzTarPerm extractEntry resources/ckeditor/samples/inlinebycode.html
810 silly gunzTarPerm modified mode [ 'resources/ckeditor/samples/inlinebycode.html', 438, 420 ]
811 silly gunzTarPerm extractEntry resources/ckeditor/samples/plugins/dialog/assets/my_dialog.js
812 silly gunzTarPerm modified mode [ 'resources/ckeditor/samples/plugins/dialog/assets/my_dialog.js',
812 silly gunzTarPerm   438,
812 silly gunzTarPerm   420 ]
813 silly gunzTarPerm extractEntry resources/ckeditor/samples/plugins/dialog/dialog.html
814 silly gunzTarPerm modified mode [ 'resources/ckeditor/samples/plugins/dialog/dialog.html',
814 silly gunzTarPerm   438,
814 silly gunzTarPerm   420 ]
815 silly gunzTarPerm extractEntry resources/ckeditor/samples/plugins/enterkey/enterkey.html
816 silly gunzTarPerm modified mode [ 'resources/ckeditor/samples/plugins/enterkey/enterkey.html',
816 silly gunzTarPerm   438,
816 silly gunzTarPerm   420 ]
817 silly gunzTarPerm extractEntry resources/ckeditor/samples/plugins/htmlwriter/assets/outputforflash/swfobject.js
818 silly gunzTarPerm modified mode [ 'resources/ckeditor/samples/plugins/htmlwriter/assets/outputforflash/swfobject.js',
818 silly gunzTarPerm   438,
818 silly gunzTarPerm   420 ]
819 silly gunzTarPerm extractEntry resources/ckeditor/samples/plugins/htmlwriter/assets/outputforflash/outputforflash.fla
820 silly gunzTarPerm modified mode [ 'resources/ckeditor/samples/plugins/htmlwriter/assets/outputforflash/outputforflash.fla',
820 silly gunzTarPerm   438,
820 silly gunzTarPerm   420 ]
821 silly gunzTarPerm extractEntry resources/ckeditor/samples/plugins/htmlwriter/assets/outputforflash/outputforflash.swf
822 silly gunzTarPerm modified mode [ 'resources/ckeditor/samples/plugins/htmlwriter/assets/outputforflash/outputforflash.swf',
822 silly gunzTarPerm   438,
822 silly gunzTarPerm   420 ]
823 silly gunzTarPerm extractEntry resources/ckeditor/samples/plugins/htmlwriter/outputforflash.html
824 silly gunzTarPerm modified mode [ 'resources/ckeditor/samples/plugins/htmlwriter/outputforflash.html',
824 silly gunzTarPerm   438,
824 silly gunzTarPerm   420 ]
825 silly gunzTarPerm extractEntry resources/ckeditor/samples/plugins/htmlwriter/outputhtml.html
826 silly gunzTarPerm modified mode [ 'resources/ckeditor/samples/plugins/htmlwriter/outputhtml.html',
826 silly gunzTarPerm   438,
826 silly gunzTarPerm   420 ]
827 silly gunzTarPerm extractEntry resources/ckeditor/samples/plugins/magicline/magicline.html
828 silly gunzTarPerm modified mode [ 'resources/ckeditor/samples/plugins/magicline/magicline.html',
828 silly gunzTarPerm   438,
828 silly gunzTarPerm   420 ]
829 silly gunzTarPerm extractEntry resources/ckeditor/samples/plugins/toolbar/toolbar.html
830 silly gunzTarPerm modified mode [ 'resources/ckeditor/samples/plugins/toolbar/toolbar.html',
830 silly gunzTarPerm   438,
830 silly gunzTarPerm   420 ]
831 silly gunzTarPerm extractEntry resources/ckeditor/samples/plugins/wysiwygarea/fullpage.html
832 silly gunzTarPerm modified mode [ 'resources/ckeditor/samples/plugins/wysiwygarea/fullpage.html',
832 silly gunzTarPerm   438,
832 silly gunzTarPerm   420 ]
833 silly gunzTarPerm extractEntry resources/ckeditor/samples/api.html
834 silly gunzTarPerm modified mode [ 'resources/ckeditor/samples/api.html', 438, 420 ]
835 silly gunzTarPerm extractEntry resources/ckeditor/samples/replacebyclass.html
836 silly gunzTarPerm modified mode [ 'resources/ckeditor/samples/replacebyclass.html', 438, 420 ]
837 silly gunzTarPerm extractEntry resources/ckeditor/samples/replacebycode.html
838 silly gunzTarPerm modified mode [ 'resources/ckeditor/samples/replacebycode.html', 438, 420 ]
839 silly gunzTarPerm extractEntry resources/ckeditor/samples/sample.css
840 silly gunzTarPerm modified mode [ 'resources/ckeditor/samples/sample.css', 438, 420 ]
841 silly gunzTarPerm extractEntry resources/ckeditor/samples/ajax.html
842 silly gunzTarPerm modified mode [ 'resources/ckeditor/samples/ajax.html', 438, 420 ]
843 silly gunzTarPerm extractEntry resources/ckeditor/samples/sample_posteddata.php
844 silly gunzTarPerm modified mode [ 'resources/ckeditor/samples/sample_posteddata.php', 438, 420 ]
845 silly gunzTarPerm extractEntry resources/ckeditor/samples/tabindex.html
846 silly gunzTarPerm modified mode [ 'resources/ckeditor/samples/tabindex.html', 438, 420 ]
847 silly gunzTarPerm extractEntry resources/ckeditor/samples/uicolor.html
848 silly gunzTarPerm modified mode [ 'resources/ckeditor/samples/uicolor.html', 438, 420 ]
849 silly gunzTarPerm extractEntry resources/ckeditor/samples/uilanguages.html
850 silly gunzTarPerm modified mode [ 'resources/ckeditor/samples/uilanguages.html', 438, 420 ]
851 silly gunzTarPerm extractEntry resources/ckeditor/samples/xhtmlstyle.html
852 silly gunzTarPerm modified mode [ 'resources/ckeditor/samples/xhtmlstyle.html', 438, 420 ]
853 silly gunzTarPerm extractEntry resources/ckeditor/skins/moono/editor_gecko.css
854 silly gunzTarPerm modified mode [ 'resources/ckeditor/skins/moono/editor_gecko.css', 438, 420 ]
855 silly gunzTarPerm extractEntry resources/ckeditor/skins/moono/dialog.css
856 silly gunzTarPerm modified mode [ 'resources/ckeditor/skins/moono/dialog.css', 438, 420 ]
857 silly gunzTarPerm extractEntry resources/ckeditor/skins/moono/dialog_ie7.css
858 silly gunzTarPerm modified mode [ 'resources/ckeditor/skins/moono/dialog_ie7.css', 438, 420 ]
859 silly gunzTarPerm extractEntry resources/ckeditor/skins/moono/dialog_ie8.css
860 silly gunzTarPerm modified mode [ 'resources/ckeditor/skins/moono/dialog_ie8.css', 438, 420 ]
861 silly gunzTarPerm extractEntry resources/ckeditor/skins/moono/dialog_opera.css
862 silly gunzTarPerm modified mode [ 'resources/ckeditor/skins/moono/dialog_opera.css', 438, 420 ]
863 silly gunzTarPerm extractEntry resources/ckeditor/skins/moono/editor.css
864 silly gunzTarPerm modified mode [ 'resources/ckeditor/skins/moono/editor.css', 438, 420 ]
865 silly gunzTarPerm extractEntry resources/ckeditor/skins/moono/dialog_ie.css
866 silly gunzTarPerm modified mode [ 'resources/ckeditor/skins/moono/dialog_ie.css', 438, 420 ]
867 silly gunzTarPerm extractEntry resources/ckeditor/skins/moono/editor_ie.css
868 silly gunzTarPerm modified mode [ 'resources/ckeditor/skins/moono/editor_ie.css', 438, 420 ]
869 silly gunzTarPerm extractEntry resources/ckeditor/skins/moono/editor_ie7.css
870 silly gunzTarPerm modified mode [ 'resources/ckeditor/skins/moono/editor_ie7.css', 438, 420 ]
871 silly gunzTarPerm extractEntry resources/ckeditor/skins/moono/editor_ie8.css
872 silly gunzTarPerm modified mode [ 'resources/ckeditor/skins/moono/editor_ie8.css', 438, 420 ]
873 silly gunzTarPerm extractEntry resources/ckeditor/skins/moono/icons.png
874 silly gunzTarPerm modified mode [ 'resources/ckeditor/skins/moono/icons.png', 438, 420 ]
875 silly gunzTarPerm extractEntry resources/ckeditor/skins/moono/images/arrow.png
876 silly gunzTarPerm modified mode [ 'resources/ckeditor/skins/moono/images/arrow.png', 438, 420 ]
877 silly gunzTarPerm extractEntry resources/ckeditor/skins/moono/images/close.png
878 silly gunzTarPerm modified mode [ 'resources/ckeditor/skins/moono/images/close.png', 438, 420 ]
879 silly gunzTarPerm extractEntry resources/ckeditor/skins/moono/images/mini.png
880 silly gunzTarPerm modified mode [ 'resources/ckeditor/skins/moono/images/mini.png', 438, 420 ]
881 silly gunzTarPerm extractEntry resources/ckeditor/skins/moono/readme.md
882 silly gunzTarPerm modified mode [ 'resources/ckeditor/skins/moono/readme.md', 438, 420 ]
883 silly gunzTarPerm extractEntry resources/ckeditor/LICENSE.md
884 silly gunzTarPerm modified mode [ 'resources/ckeditor/LICENSE.md', 438, 420 ]
885 silly gunzTarPerm extractEntry resources/img/glyphicons-halflings-white.png
886 silly gunzTarPerm modified mode [ 'resources/img/glyphicons-halflings-white.png', 438, 420 ]
887 silly gunzTarPerm extractEntry resources/img/glyphicons-halflings.png
888 silly gunzTarPerm modified mode [ 'resources/img/glyphicons-halflings.png', 438, 420 ]
889 silly gunzTarPerm extractEntry resources/javascript/bootstrap.min.js
890 silly gunzTarPerm modified mode [ 'resources/javascript/bootstrap.min.js', 438, 420 ]
891 silly gunzTarPerm extractEntry resources/javascript/jquery-1.8.3.min.js
892 silly gunzTarPerm modified mode [ 'resources/javascript/jquery-1.8.3.min.js', 438, 420 ]
893 silly gunzTarPerm extractEntry resources/stylesheets/bootstrap-responsive.min.css
894 silly gunzTarPerm modified mode [ 'resources/stylesheets/bootstrap-responsive.min.css',
894 silly gunzTarPerm   438,
894 silly gunzTarPerm   420 ]
895 silly gunzTarPerm extractEntry resources/stylesheets/bootstrap.min.css
896 silly gunzTarPerm modified mode [ 'resources/stylesheets/bootstrap.min.css', 438, 420 ]
897 silly gunzTarPerm extractEntry resources/stylesheets/style.css
898 silly gunzTarPerm modified mode [ 'resources/stylesheets/style.css', 438, 420 ]
899 silly gunzTarPerm extractEntry resources/stylesheets/style.styl
900 silly gunzTarPerm modified mode [ 'resources/stylesheets/style.styl', 438, 420 ]
901 silly gunzTarPerm extractEntry routes/index.js
902 silly gunzTarPerm modified mode [ 'routes/index.js', 438, 420 ]
903 verbose read json C:\Users\Dan\AppData\Roaming\npm-cache\bootstrap-blog\0.0.7\package\package.json
904 silly lockFile da4f5ba3-che-bootstrap-blog-0-0-7-package C:\Users\Dan\AppData\Roaming\npm-cache\bootstrap-blog\0.0.7\package
905 silly shasum updated bytes 40960
906 silly shasum updated bytes 40960
907 silly shasum updated bytes 40960
908 silly shasum updated bytes 40960
909 silly shasum updated bytes 40960
910 silly shasum updated bytes 40960
911 silly shasum updated bytes 40960
912 silly shasum updated bytes 40960
913 silly shasum updated bytes 40960
914 silly shasum updated bytes 40960
915 silly shasum updated bytes 40960
916 silly shasum updated bytes 40960
917 silly shasum updated bytes 40960
918 silly shasum updated bytes 40960
919 silly shasum updated bytes 34532
920 info shasum 956ec91d787aa61cefd9f0d5b4cf8d8b4173a12f
920 info shasum C:\Users\Dan\AppData\Roaming\npm-cache\bootstrap-blog\0.0.7\package.tgz
921 verbose from cache C:\Users\Dan\AppData\Roaming\npm-cache\bootstrap-blog\0.0.7\package\package.json
922 verbose chmod C:\Users\Dan\AppData\Roaming\npm-cache\bootstrap-blog\0.0.7\package.tgz 644
923 silly chown skipping for windows C:\Users\Dan\AppData\Roaming\npm-cache\bootstrap-blog\0.0.7\package.tgz
924 silly lockFile 3a52ce78- .
925 silly publish { name: 'bootstrap-blog',
925 silly publish   description: 'Express and Twitter Bootstrap powered blogging',
925 silly publish   version: '0.0.7',
925 silly publish   main: './blog.js',
925 silly publish   keywords: [ 'blog' ],
925 silly publish   bugs: 'https://github.com/dan-silver/Node.js-Blog-Engine/issues',
925 silly publish   author: { name: 'Dan Silver', url: 'http://dan-silver.herokuapp.com/' },
925 silly publish   files:
925 silly publish    [ 'resources',
925 silly publish      'routes',
925 silly publish      'views',
925 silly publish      'blog.js',
925 silly publish      'db.js',
925 silly publish      'README.md',
925 silly publish      'package.json' ],
925 silly publish   repository:
925 silly publish    { type: 'git',
925 silly publish      url: 'https://github.com/dan-silver/Node.js-Blog-Engine' },
925 silly publish   dependencies:
925 silly publish    { ejs: '0.8.x',
925 silly publish      express: '3.x',
925 silly publish      moment: '1.7.x',
925 silly publish      mysql: '2.x',
925 silly publish      passport: '*',
925 silly publish      'passport-google': '*',
925 silly publish      sequelize: '1.x',
925 silly publish      stylus: '*' },
925 silly publish   readme: '#Node.js Blog Engine\r\nThe goal of this project is to create a simple, reusable blog template for Node.js.  By passing in a few options, you can quickly have a fully functioning blog, including WYSIWYG editing, database saving, Disqus comments, draft saving options, and a responsive Twitter Bootstrap theme.\r\n##Live Example\r\nYou can go to http://nodejs-blog-engine-example.herokuapp.com/ to view the example site.  To login as the admin, go to http://nodejs-blog-engine-example.herokuapp.com/login. For the example website, any Google account will have admin access.\r\n\r\n##Installation\r\nWarning! This is still being developed!!!  But, if you want to help out in development, you can install it with:\r\n```\r\nnpm install bootstrap-blog\r\n```\r\n\r\n##Simple Usage\r\nThe following code should be placed in your main serverside javascript file that is executed with node. For example, if this is placed in app.js, then node app.js would run the blog.\r\n```javascript\r\nvar blog = require(\'blog\');\r\n\r\nblog.start({\r\n\ttitle: "My awesome blog",\r\n\tadminGoogleEmail: \'myGoogleEmail@gmail.com\',\r\n\tliveDomain: \'http://some-app.herokuapp.com\',\r\n\tdatabase: {\r\n\t\tdatabase: config.database,\r\n\t\tuser: config.user,\r\n\t\tpassword: config.password,\r\n\t\thost: config.host,\r\n\t\tdbPort: config.dbPort\r\n\t}\r\n});\r\n```\r\n##Options\r\n###Menu Items and Custom Pages\r\nCustom menu items can be set by passing in an array of menu objects.  The same goes for custom pages.\r\n```javascript\r\n\tpages:[\r\n\t\t{\r\n\t\t\tpath: \'/about\',\r\n\t\t\tcallback: function (req,res) {\r\n\t\t\t\tconsole.log(\'User has visitied the about page.\');\r\n\t\t\t\tres.send(\'About page coming soon!\');\r\n\t\t\t}\r\n\t\t},\r\n\t\t{\r\n\t\t\tpath: \'/about/history\',\r\n\t\t\tcallback: function (req,res) {\r\n\t\t\t\tconsole.log(\'User has visitied the history page.\');\r\n\t\t\t\tres.send(\'History page coming soon!\');\r\n\t\t\t}\t\r\n\t\t}\r\n\t],\r\n\tmenu: [\r\n\t\t{\r\n\t\t\ttitle: \'Google\',\r\n\t\t\tpath: \'http://www.google.com\'\r\n\t\t}, {\r\n\t\t\ttitle: \'Amazon\',\r\n\t\t\tpath: \'http://www.amazon.com\'\r\n\t\t}\r\n\t]\r\n```\r\n\r\n###Different Bootstrap Themes\r\nYou can load in any Twitter Bootstrap theme by specifying the path to the css file.\r\n```javascript\r\nbootstrapPath: \'/css/bootstrap.min.css\'\r\n```\r\n###Modifying templates\r\n  When you run the blog for the first time, a views folder is created in your top directory.  Edit these files to change the layout of the website.  Since these are outside the node_modules folder, they will not be overridden during updates.\r\n###Example\r\n```javascript\r\nvar blog = require(\'blog\');\r\n\r\nblog.start({\r\n\ttitle: "My awesome blog",\r\n\tadminGoogleEmail: \'myGoogleEmail@gmail.com\',\r\n\tlocalPort: 5000, //defaults to 3000\r\n\tliveDomain: \'http://some-app.herokuapp.com\',\r\n\tdatabase: {\r\n\t\tdatabase: config.database,\r\n\t\tuser: config.user,\r\n\t\tpassword: config.password,\r\n\t\thost: config.host,\r\n\t\tdbPort: config.dbPort\r\n\t},\r\n\tbootstrapPath: \'/css/bootstrap.min.css\',\r\n\tpages:[\r\n\t\t{\r\n\t\t\tpath: \'/about\',\r\n\t\t\tcallback: function (req,res) {\r\n\t\t\t\tconsole.log(\'User has visitied the about page.\');\r\n\t\t\t\tres.send(\'About page coming soon!\');\r\n\t\t\t}\r\n\t\t},\r\n\t\t{\r\n\t\t\tpath: \'/about/history\',\r\n\t\t\tcallback: function (req,res) {\r\n\t\t\t\tconsole.log(\'User has visitied the history page.\');\r\n\t\t\t\tres.send(\'History page coming soon!\');\r\n\t\t\t}\t\r\n\t\t}\r\n\t],\r\n\tmenu: [\r\n\t\t{\r\n\t\t\ttitle: \'Google\',\r\n\t\t\tpath: \'http://www.google.com\'\r\n\t\t}, {\r\n\t\t\ttitle: \'Amazon\',\r\n\t\t\tpath: \'http://www.amazon.com\'\r\n\t\t}\r\n\t]\r\n});\r\n```\r\n',
925 silly publish   readmeFilename: 'README.md',
925 silly publish   _id: 'bootstrap-blog@0.0.7',
925 silly publish   dist: { shasum: '956ec91d787aa61cefd9f0d5b4cf8d8b4173a12f' } }
926 verbose url raw bootstrap-blog
927 verbose url resolving [ 'https://registry.npmjs.org/', './bootstrap-blog' ]
928 verbose url resolved https://registry.npmjs.org/bootstrap-blog
929 info trying registry request attempt 1 at 19:48:42
930 http PUT https://registry.npmjs.org/bootstrap-blog
931 http 409 https://registry.npmjs.org/bootstrap-blog
932 verbose url raw bootstrap-blog
933 verbose url resolving [ 'https://registry.npmjs.org/', './bootstrap-blog' ]
934 verbose url resolved https://registry.npmjs.org/bootstrap-blog
935 info trying registry request attempt 1 at 19:48:43
936 http GET https://registry.npmjs.org/bootstrap-blog
937 http 200 https://registry.npmjs.org/bootstrap-blog
938 error publish fail Cannot publish over existing version.
938 error publish fail Bump the 'version' field, set the --force flag, or
938 error publish fail     npm unpublish 'bootstrap-blog@0.0.7'
938 error publish fail and try again
939 error System Windows_NT 6.2.9200
940 error command "c:\\Program Files\\nodejs\\node.exe" "c:\\Program Files\\nodejs\\node_modules\\npm\\bin\\npm-cli.js" "publish"
941 error cwd C:\Users\Dan\Desktop\bootstrap-blog
942 error node -v v0.8.17
943 error npm -v 1.2.0
944 error code EPUBLISHCONFLICT
945 verbose exit [ 1, true ]
